<?xml version="1.0" encoding="UTF-8"?>
<coverage generated="1779015433372" clover="3.2.0">
  <project timestamp="1779015433372" name="All files">
    <metrics statements="896" coveredstatements="725" conditionals="885" coveredconditionals="447" methods="293" coveredmethods="192" elements="2074" coveredelements="1364" complexity="0" loc="896" ncloc="896" packages="12" files="37" classes="37"/>
    <package name="demo.src">
      <metrics statements="287" coveredstatements="270" conditionals="273" coveredconditionals="199" methods="77" coveredmethods="68"/>
      <file name="Checkbox.tsx" path="/Users/user/Desktop/@interactive-os/apg-patterns/demo/src/Checkbox.tsx">
        <metrics statements="24" coveredstatements="24" conditionals="18" coveredconditionals="12" methods="9" coveredmethods="8"/>
        <line num="9" count="1" type="stmt"/>
        <line num="20" count="18" type="stmt"/>
        <line num="27" count="44" type="stmt"/>
        <line num="32" count="18" type="cond" truecount="1" falsecount="1"/>
        <line num="33" count="18" type="cond" truecount="1" falsecount="1"/>
        <line num="35" count="18" type="stmt"/>
        <line num="36" count="44" type="stmt"/>
        <line num="37" count="44" type="stmt"/>
        <line num="38" count="44" type="stmt"/>
        <line num="41" count="44" type="stmt"/>
        <line num="42" count="3" type="stmt"/>
        <line num="43" count="3" type="cond" truecount="1" falsecount="1"/>
        <line num="44" count="3" type="cond" truecount="1" falsecount="1"/>
        <line num="45" count="3" type="stmt"/>
        <line num="48" count="44" type="stmt"/>
        <line num="50" count="18" type="stmt"/>
        <line num="51" count="44" type="stmt"/>
        <line num="52" count="44" type="cond" truecount="4" falsecount="0"/>
        <line num="53" count="44" type="stmt"/>
        <line num="73" count="18" type="cond" truecount="2" falsecount="0"/>
        <line num="75" count="13" type="stmt"/>
        <line num="76" count="13" type="stmt"/>
        <line num="77" count="13" type="stmt"/>
        <line num="78" count="13" type="stmt"/>
      </file>
      <file name="Combobox.tsx" path="/Users/user/Desktop/@interactive-os/apg-patterns/demo/src/Combobox.tsx">
        <metrics statements="61" coveredstatements="57" conditionals="68" coveredconditionals="51" methods="15" coveredmethods="13"/>
        <line num="19" count="35" type="cond" truecount="4" falsecount="0"/>
        <line num="20" count="35" type="stmt"/>
        <line num="21" count="35" type="stmt"/>
        <line num="22" count="35" type="stmt"/>
        <line num="23" count="35" type="stmt"/>
        <line num="24" count="35" type="stmt"/>
        <line num="26" count="35" type="stmt"/>
        <line num="33" count="233" type="stmt"/>
        <line num="38" count="35" type="stmt"/>
        <line num="39" count="35" type="stmt"/>
        <line num="40" count="35" type="cond" truecount="1" falsecount="1"/>
        <line num="41" count="35" type="stmt"/>
        <line num="42" count="437" type="stmt"/>
        <line num="43" count="35" type="cond" truecount="3" falsecount="1"/>
        <line num="46" count="35" type="cond" truecount="2" falsecount="0"/>
        <line num="48" count="35" type="stmt"/>
        <line num="49" count="27" type="cond" truecount="2" falsecount="0"/>
        <line num="51" count="9" type="cond" truecount="5" falsecount="1"/>
        <line num="54" count="35" type="stmt"/>
        <line num="55" count="14" type="cond" truecount="5" falsecount="0"/>
        <line num="56" count="1" type="stmt"/>
        <line num="60" count="35" type="stmt"/>
        <line num="61" count="2" type="stmt"/>
        <line num="62" count="2" type="stmt"/>
        <line num="63" count="2" type="cond" truecount="1" falsecount="1"/>
        <line num="64" count="2" type="stmt"/>
        <line num="65" count="2" type="stmt"/>
        <line num="67" count="2" type="cond" truecount="1" falsecount="1"/>
        <line num="68" count="2" type="cond" truecount="4" falsecount="0"/>
        <line num="69" count="1" type="stmt"/>
        <line num="70" count="1" type="cond" truecount="1" falsecount="1"/>
        <line num="71" count="1" type="cond" truecount="1" falsecount="1"/>
        <line num="72" count="1" type="cond" truecount="3" falsecount="1"/>
        <line num="73" count="1" type="stmt"/>
        <line num="74" count="1" type="stmt"/>
        <line num="75" count="1" type="stmt"/>
        <line num="76" count="1" type="stmt"/>
        <line num="81" count="1" type="cond" truecount="1" falsecount="1"/>
        <line num="84" count="35" type="stmt"/>
        <line num="85" count="1" type="cond" truecount="1" falsecount="1"/>
        <line num="86" count="1" type="stmt"/>
        <line num="87" count="1" type="stmt"/>
        <line num="88" count="1" type="cond" truecount="1" falsecount="1"/>
        <line num="89" count="1" type="cond" truecount="1" falsecount="1"/>
        <line num="90" count="1" type="stmt"/>
        <line num="91" count="1" type="stmt"/>
        <line num="94" count="35" type="stmt"/>
        <line num="96" count="18" type="cond" truecount="5" falsecount="0"/>
        <line num="97" count="1" type="stmt"/>
        <line num="98" count="1" type="stmt"/>
        <line num="100" count="17" type="stmt"/>
        <line num="104" count="35" type="stmt"/>
        <line num="113" count="2" type="cond" truecount="2" falsecount="0"/>
        <line num="115" count="1" type="cond" truecount="2" falsecount="0"/>
        <line num="128" count="198" type="stmt"/>
        <line num="129" count="198" type="stmt"/>
        <line num="130" count="198" type="stmt"/>
        <line num="136" count="0" type="stmt"/>
        <line num="137" count="0" type="stmt"/>
        <line num="138" count="0" type="stmt"/>
        <line num="139" count="0" type="cond" truecount="0" falsecount="4"/>
      </file>
      <file name="MultiThumbSlider.tsx" path="/Users/user/Desktop/@interactive-os/apg-patterns/demo/src/MultiThumbSlider.tsx">
        <metrics statements="13" coveredstatements="12" conditionals="8" coveredconditionals="4" methods="4" coveredmethods="3"/>
        <line num="23" count="4" type="cond" truecount="1" falsecount="1"/>
        <line num="24" count="4" type="stmt"/>
        <line num="25" count="4" type="cond" truecount="1" falsecount="1"/>
        <line num="26" count="4" type="cond" truecount="1" falsecount="1"/>
        <line num="27" count="4" type="cond" truecount="1" falsecount="1"/>
        <line num="28" count="4" type="stmt"/>
        <line num="29" count="4" type="stmt"/>
        <line num="31" count="4" type="stmt"/>
        <line num="66" count="8" type="stmt"/>
        <line num="67" count="8" type="stmt"/>
        <line num="72" count="1" type="stmt"/>
        <line num="73" count="1" type="stmt"/>
        <line num="75" count="0" type="stmt"/>
      </file>
      <file name="RadioGroup.tsx" path="/Users/user/Desktop/@interactive-os/apg-patterns/demo/src/RadioGroup.tsx">
        <metrics statements="9" coveredstatements="9" conditionals="4" coveredconditionals="3" methods="4" coveredmethods="4"/>
        <line num="14" count="4" type="stmt"/>
        <line num="19" count="12" type="stmt"/>
        <line num="21" count="4" type="stmt"/>
        <line num="22" count="4" type="stmt"/>
        <line num="24" count="4" type="stmt"/>
        <line num="27" count="1" type="stmt"/>
        <line num="31" count="12" type="stmt"/>
        <line num="32" count="12" type="stmt"/>
        <line num="33" count="12" type="stmt"/>
      </file>
      <file name="Slider.tsx" path="/Users/user/Desktop/@interactive-os/apg-patterns/demo/src/Slider.tsx">
        <metrics statements="50" coveredstatements="43" conditionals="46" coveredconditionals="29" methods="14" coveredmethods="11"/>
        <line num="8" count="1" type="stmt"/>
        <line num="23" count="25" type="stmt"/>
        <line num="28" count="35" type="stmt"/>
        <line num="30" count="25" type="cond" truecount="1" falsecount="1"/>
        <line num="31" count="25" type="cond" truecount="1" falsecount="1"/>
        <line num="33" count="25" type="cond" truecount="2" falsecount="0"/>
        <line num="36" count="28" type="stmt"/>
        <line num="37" count="11" type="stmt"/>
        <line num="38" count="11" type="cond" truecount="1" falsecount="1"/>
        <line num="39" count="11" type="cond" truecount="1" falsecount="1"/>
        <line num="40" count="11" type="stmt"/>
        <line num="43" count="25" type="cond" truecount="1" falsecount="1"/>
        <line num="44" count="25" type="cond" truecount="1" falsecount="1"/>
        <line num="45" count="25" type="cond" truecount="1" falsecount="1"/>
        <line num="47" count="25" type="cond" truecount="2" falsecount="0"/>
        <line num="48" count="11" type="stmt"/>
        <line num="49" count="11" type="cond" truecount="2" falsecount="0"/>
        <line num="53" count="25" type="cond" truecount="2" falsecount="0"/>
        <line num="54" count="4" type="stmt"/>
        <line num="57" count="21" type="cond" truecount="2" falsecount="0"/>
        <line num="59" count="25" type="stmt"/>
        <line num="62" count="27" type="stmt"/>
        <line num="103" count="27" type="stmt"/>
        <line num="104" count="27" type="stmt"/>
        <line num="105" count="27" type="cond" truecount="1" falsecount="1"/>
        <line num="106" count="27" type="cond" truecount="1" falsecount="1"/>
        <line num="107" count="27" type="stmt"/>
        <line num="108" count="27" type="stmt"/>
        <line num="110" count="27" type="stmt"/>
        <line num="112" count="27" type="stmt"/>
        <line num="113" count="1" type="stmt"/>
        <line num="114" count="1" type="cond" truecount="1" falsecount="1"/>
        <line num="117" count="1" type="stmt"/>
        <line num="118" count="1" type="stmt"/>
        <line num="119" count="1" type="stmt"/>
        <line num="122" count="27" type="stmt"/>
        <line num="123" count="10" type="stmt"/>
        <line num="124" count="10" type="stmt"/>
        <line num="127" count="27" type="stmt"/>
        <line num="131" count="1" type="stmt"/>
        <line num="143" count="0" type="stmt"/>
        <line num="144" count="0" type="stmt"/>
        <line num="145" count="0" type="stmt"/>
        <line num="148" count="0" type="cond" truecount="0" falsecount="2"/>
        <line num="149" count="0" type="stmt"/>
        <line num="163" count="1" type="stmt"/>
        <line num="164" count="1" type="stmt"/>
        <line num="165" count="1" type="stmt"/>
        <line num="168" count="0" type="cond" truecount="0" falsecount="2"/>
        <line num="169" count="0" type="stmt"/>
      </file>
      <file name="checkboxData.ts" path="/Users/user/Desktop/@interactive-os/apg-patterns/demo/src/checkboxData.ts">
        <metrics statements="25" coveredstatements="24" conditionals="24" coveredconditionals="17" methods="7" coveredmethods="6"/>
        <line num="13" count="1" type="stmt"/>
        <line num="27" count="1" type="stmt"/>
        <line num="45" count="6" type="cond" truecount="1" falsecount="1"/>
        <line num="46" count="6" type="cond" truecount="1" falsecount="1"/>
        <line num="47" count="6" type="cond" truecount="1" falsecount="1"/>
        <line num="48" count="12" type="stmt"/>
        <line num="49" count="12" type="stmt"/>
        <line num="50" count="6" type="cond" truecount="2" falsecount="0"/>
        <line num="51" count="6" type="cond" truecount="3" falsecount="1"/>
        <line num="52" count="6" type="stmt"/>
        <line num="57" count="8" type="cond" truecount="4" falsecount="0"/>
        <line num="58" count="2" type="cond" truecount="1" falsecount="1"/>
        <line num="59" count="2" type="stmt"/>
        <line num="60" count="2" type="cond" truecount="2" falsecount="0"/>
        <line num="61" count="2" type="cond" truecount="1" falsecount="1"/>
        <line num="62" count="4" type="stmt"/>
        <line num="63" count="2" type="stmt"/>
        <line num="64" count="2" type="stmt"/>
        <line num="66" count="6" type="stmt"/>
        <line num="67" count="6" type="cond" truecount="1" falsecount="1"/>
        <line num="70" count="1" type="stmt"/>
        <line num="75" count="0" type="stmt"/>
        <line num="86" count="1" type="stmt"/>
        <line num="92" count="1" type="stmt"/>
        <line num="94" count="3" type="stmt"/>
      </file>
      <file name="comboboxData.ts" path="/Users/user/Desktop/@interactive-os/apg-patterns/demo/src/comboboxData.ts">
        <metrics statements="35" coveredstatements="34" conditionals="41" coveredconditionals="32" methods="10" coveredmethods="9"/>
        <line num="5" count="1" type="stmt"/>
        <line num="11" count="1" type="stmt"/>
        <line num="26" count="12" type="cond" truecount="1" falsecount="0"/>
        <line num="27" count="3" type="stmt"/>
        <line num="28" count="36" type="stmt"/>
        <line num="33" count="3" type="stmt"/>
        <line num="34" count="18" type="cond" truecount="1" falsecount="1"/>
        <line num="35" count="3" type="stmt"/>
        <line num="42" count="1" type="stmt"/>
        <line num="48" count="33" type="cond" truecount="2" falsecount="0"/>
        <line num="49" count="182" type="stmt"/>
        <line num="50" count="14" type="cond" truecount="1" falsecount="1"/>
        <line num="51" count="14" type="cond" truecount="2" falsecount="0"/>
        <line num="52" count="14" type="cond" truecount="4" falsecount="0"/>
        <line num="53" count="14" type="stmt"/>
        <line num="54" count="14" type="cond" truecount="2" falsecount="0"/>
        <line num="55" count="6" type="cond" truecount="2" falsecount="0"/>
        <line num="56" count="4" type="cond" truecount="2" falsecount="0"/>
        <line num="57" count="1" type="cond" truecount="2" falsecount="2"/>
        <line num="58" count="14" type="cond" truecount="1" falsecount="1"/>
        <line num="60" count="19" type="cond" truecount="4" falsecount="0"/>
        <line num="61" count="14" type="cond" truecount="2" falsecount="0"/>
        <line num="62" count="14" type="stmt"/>
        <line num="64" count="5" type="cond" truecount="2" falsecount="0"/>
        <line num="65" count="2" type="stmt"/>
        <line num="67" count="3" type="cond" truecount="1" falsecount="1"/>
        <line num="68" count="3" type="stmt"/>
        <line num="70" count="0" type="stmt"/>
        <line num="74" count="2" type="stmt"/>
        <line num="75" count="2" type="cond" truecount="1" falsecount="1"/>
        <line num="76" count="24" type="stmt"/>
        <line num="80" count="2" type="stmt"/>
        <line num="81" count="2" type="cond" truecount="1" falsecount="1"/>
        <line num="82" count="4" type="stmt"/>
        <line num="83" count="2" type="cond" truecount="1" falsecount="1"/>
      </file>
      <file name="radioData.ts" path="/Users/user/Desktop/@interactive-os/apg-patterns/demo/src/radioData.ts">
        <metrics statements="5" coveredstatements="5" conditionals="4" coveredconditionals="4" methods="1" coveredmethods="1"/>
        <line num="3" count="1" type="stmt"/>
        <line num="23" count="3" type="stmt"/>
        <line num="24" count="3" type="cond" truecount="4" falsecount="0"/>
        <line num="25" count="1" type="stmt"/>
        <line num="27" count="2" type="stmt"/>
      </file>
      <file name="sliderData.ts" path="/Users/user/Desktop/@interactive-os/apg-patterns/demo/src/sliderData.ts">
        <metrics statements="65" coveredstatements="62" conditionals="60" coveredconditionals="47" methods="13" coveredmethods="13"/>
        <line num="14" count="1" type="stmt"/>
        <line num="15" count="2" type="stmt"/>
        <line num="16" count="2" type="stmt"/>
        <line num="17" count="2" type="stmt"/>
        <line num="18" count="2" type="stmt"/>
        <line num="21" count="1" type="stmt"/>
        <line num="27" count="2" type="stmt"/>
        <line num="29" count="2" type="stmt"/>
        <line num="32" count="1" type="stmt"/>
        <line num="33" count="1" type="stmt"/>
        <line num="47" count="1" type="stmt"/>
        <line num="48" count="1" type="stmt"/>
        <line num="55" count="1" type="stmt"/>
        <line num="56" count="1" type="stmt"/>
        <line num="63" count="1" type="stmt"/>
        <line num="64" count="1" type="stmt"/>
        <line num="71" count="1" type="stmt"/>
        <line num="72" count="1" type="stmt"/>
        <line num="91" count="1" type="stmt"/>
        <line num="124" count="5" type="stmt"/>
        <line num="127" count="1" type="stmt"/>
        <line num="132" count="1" type="stmt"/>
        <line num="148" count="1" type="stmt"/>
        <line num="149" count="8" type="cond" truecount="2" falsecount="0"/>
        <line num="150" count="3" type="cond" truecount="1" falsecount="1"/>
        <line num="151" count="3" type="cond" truecount="2" falsecount="0"/>
        <line num="152" count="1" type="cond" truecount="1" falsecount="1"/>
        <line num="153" count="0" type="stmt"/>
        <line num="156" count="1" type="stmt"/>
        <line num="157" count="12" type="stmt"/>
        <line num="158" count="12" type="cond" truecount="4" falsecount="0"/>
        <line num="161" count="1" type="stmt"/>
        <line num="163" count="12" type="stmt"/>
        <line num="164" count="12" type="cond" truecount="2" falsecount="0"/>
        <line num="165" count="3" type="cond" truecount="2" falsecount="0"/>
        <line num="166" count="2" type="cond" truecount="2" falsecount="0"/>
        <line num="167" count="1" type="cond" truecount="1" falsecount="1"/>
        <line num="168" count="0" type="stmt"/>
        <line num="176" count="24" type="cond" truecount="4" falsecount="0"/>
        <line num="177" count="12" type="stmt"/>
        <line num="179" count="12" type="cond" truecount="4" falsecount="1"/>
        <line num="180" count="12" type="cond" truecount="1" falsecount="1"/>
        <line num="181" count="24" type="stmt"/>
        <line num="182" count="24" type="cond" truecount="1" falsecount="1"/>
        <line num="183" count="24" type="cond" truecount="1" falsecount="1"/>
        <line num="184" count="24" type="cond" truecount="1" falsecount="1"/>
        <line num="185" count="24" type="stmt"/>
        <line num="186" count="24" type="stmt"/>
        <line num="187" count="24" type="cond" truecount="1" falsecount="1"/>
        <line num="190" count="24" type="cond" truecount="2" falsecount="0"/>
        <line num="191" count="11" type="cond" truecount="2" falsecount="0"/>
        <line num="192" count="9" type="cond" truecount="2" falsecount="0"/>
        <line num="193" count="8" type="stmt"/>
        <line num="195" count="12" type="stmt"/>
        <line num="196" count="12" type="cond" truecount="1" falsecount="1"/>
        <line num="199" count="12" type="stmt"/>
        <line num="200" count="24" type="stmt"/>
        <line num="201" count="24" type="cond" truecount="2" falsecount="3"/>
        <line num="202" count="0" type="stmt"/>
        <line num="203" count="12" type="cond" truecount="5" falsecount="0"/>
        <line num="204" count="1" type="stmt"/>
        <line num="207" count="12" type="stmt"/>
        <line num="208" count="12" type="cond" truecount="2" falsecount="0"/>
        <line num="209" count="3" type="stmt"/>
        <line num="212" count="12" type="stmt"/>
      </file>
    </package>
    <package name="src">
      <metrics statements="391" coveredstatements="325" conditionals="380" coveredconditionals="191" methods="140" coveredmethods="88"/>
      <file name="index.ts" path="/Users/user/Desktop/@interactive-os/apg-patterns/src/index.ts">
        <metrics statements="0" coveredstatements="0" conditionals="0" coveredconditionals="0" methods="0" coveredmethods="0"/>
      </file>
      <file name="jsonValueSchema.ts" path="/Users/user/Desktop/@interactive-os/apg-patterns/src/jsonValueSchema.ts">
        <metrics statements="17" coveredstatements="10" conditionals="22" coveredconditionals="9" methods="5" coveredmethods="3"/>
        <line num="5" count="6" type="stmt"/>
        <line num="6" count="6" type="stmt"/>
        <line num="17" count="8137" type="cond" truecount="1" falsecount="1"/>
        <line num="18" count="8137" type="stmt"/>
        <line num="19" count="8137" type="cond" truecount="4" falsecount="0"/>
        <line num="20" count="95" type="cond" truecount="1" falsecount="1"/>
        <line num="21" count="0" type="cond" truecount="0" falsecount="2"/>
        <line num="22" count="0" type="cond" truecount="0" falsecount="2"/>
        <line num="23" count="0" type="stmt"/>
        <line num="27" count="0" type="stmt"/>
        <line num="39" count="20842" type="stmt"/>
        <line num="40" count="20842" type="stmt"/>
        <line num="41" count="50636" type="cond" truecount="2" falsecount="0"/>
        <line num="42" count="8137" type="cond" truecount="1" falsecount="1"/>
        <line num="47" count="0" type="cond" truecount="0" falsecount="4"/>
        <line num="48" count="0" type="stmt"/>
        <line num="49" count="0" type="cond" truecount="0" falsecount="2"/>
      </file>
      <file name="kernelBuiltins.ts" path="/Users/user/Desktop/@interactive-os/apg-patterns/src/kernelBuiltins.ts">
        <metrics statements="62" coveredstatements="58" conditionals="110" coveredconditionals="40" methods="45" coveredmethods="27"/>
        <line num="20" count="217" type="stmt"/>
        <line num="21" count="178" type="stmt"/>
        <line num="22" count="35" type="stmt"/>
        <line num="23" count="178" type="cond" truecount="1" falsecount="1"/>
        <line num="24" count="39" type="cond" truecount="3" falsecount="1"/>
        <line num="25" count="950" type="cond" truecount="2" falsecount="0"/>
        <line num="26" count="871" type="cond" truecount="1" falsecount="1"/>
        <line num="27" count="6" type="stmt"/>
        <line num="28" count="0" type="cond" truecount="0" falsecount="2"/>
        <line num="29" count="0" type="cond" truecount="0" falsecount="4"/>
        <line num="31" count="6" type="stmt"/>
        <line num="32" count="0" type="cond" truecount="0" falsecount="2"/>
        <line num="33" count="0" type="cond" truecount="0" falsecount="4"/>
        <line num="36" count="1034" type="cond" truecount="3" falsecount="1"/>
        <line num="38" count="892" type="cond" truecount="3" falsecount="0"/>
        <line num="39" count="178" type="cond" truecount="2" falsecount="2"/>
        <line num="40" count="880" type="cond" truecount="1" falsecount="1"/>
        <line num="41" count="6" type="cond" truecount="0" falsecount="2"/>
        <line num="42" count="6" type="cond" truecount="0" falsecount="2"/>
        <line num="43" count="6" type="cond" truecount="0" falsecount="2"/>
        <line num="44" count="6" type="cond" truecount="0" falsecount="3"/>
        <line num="45" count="6" type="cond" truecount="0" falsecount="3"/>
        <line num="46" count="6" type="cond" truecount="0" falsecount="3"/>
        <line num="47" count="836" type="cond" truecount="1" falsecount="1"/>
        <line num="48" count="836" type="cond" truecount="1" falsecount="1"/>
        <line num="49" count="836" type="cond" truecount="1" falsecount="1"/>
        <line num="50" count="6" type="cond" truecount="0" falsecount="2"/>
        <line num="51" count="6" type="cond" truecount="0" falsecount="2"/>
        <line num="52" count="6" type="cond" truecount="0" falsecount="2"/>
        <line num="53" count="35" type="cond" truecount="1" falsecount="1"/>
        <line num="54" count="6" type="cond" truecount="0" falsecount="2"/>
        <line num="55" count="6" type="cond" truecount="0" falsecount="2"/>
        <line num="56" count="6" type="cond" truecount="0" falsecount="2"/>
        <line num="57" count="6" type="cond" truecount="0" falsecount="2"/>
        <line num="60" count="1046" type="cond" truecount="2" falsecount="0"/>
        <line num="61" count="1034" type="cond" truecount="3" falsecount="1"/>
        <line num="62" count="892" type="cond" truecount="3" falsecount="1"/>
        <line num="63" count="836" type="cond" truecount="2" falsecount="2"/>
        <line num="64" count="880" type="cond" truecount="1" falsecount="1"/>
        <line num="65" count="6" type="cond" truecount="0" falsecount="2"/>
        <line num="66" count="6" type="cond" truecount="0" falsecount="2"/>
        <line num="67" count="6" type="cond" truecount="0" falsecount="2"/>
        <line num="70" count="13" type="stmt"/>
        <line num="71" count="6" type="stmt"/>
        <line num="72" count="1286" type="cond" truecount="1" falsecount="1"/>
        <line num="73" count="1286" type="stmt"/>
        <line num="75" count="6" type="stmt"/>
        <line num="76" count="852" type="cond" truecount="1" falsecount="1"/>
        <line num="77" count="852" type="stmt"/>
        <line num="78" count="852" type="cond" truecount="1" falsecount="1"/>
        <line num="80" count="6" type="stmt"/>
        <line num="81" count="9" type="cond" truecount="1" falsecount="1"/>
        <line num="82" count="9" type="stmt"/>
        <line num="83" count="9" type="cond" truecount="1" falsecount="1"/>
        <line num="85" count="6" type="stmt"/>
        <line num="86" count="82" type="cond" truecount="1" falsecount="1"/>
        <line num="87" count="82" type="stmt"/>
        <line num="88" count="82" type="cond" truecount="2" falsecount="0"/>
        <line num="92" count="48" type="cond" truecount="1" falsecount="1"/>
        <line num="95" count="6" type="stmt"/>
        <line num="96" count="1" type="stmt"/>
        <line num="97" count="1" type="stmt"/>
      </file>
      <file name="kernelVocabulary.ts" path="/Users/user/Desktop/@interactive-os/apg-patterns/src/kernelVocabulary.ts">
        <metrics statements="7" coveredstatements="7" conditionals="0" coveredconditionals="0" methods="0" coveredmethods="0"/>
        <line num="19" count="6" type="stmt"/>
        <line num="53" count="6" type="stmt"/>
        <line num="62" count="6" type="stmt"/>
        <line num="69" count="6" type="stmt"/>
        <line num="78" count="6" type="stmt"/>
        <line num="92" count="6" type="stmt"/>
        <line num="100" count="6" type="stmt"/>
      </file>
      <file name="patternDataSchema.ts" path="/Users/user/Desktop/@interactive-os/apg-patterns/src/patternDataSchema.ts">
        <metrics statements="10" coveredstatements="10" conditionals="0" coveredconditionals="0" methods="2" coveredmethods="2"/>
        <line num="5" count="6" type="stmt"/>
        <line num="8" count="6" type="stmt"/>
        <line num="9" count="6" type="stmt"/>
        <line num="11" count="6" type="stmt"/>
        <line num="20" count="9712" type="stmt"/>
        <line num="22" count="6" type="stmt"/>
        <line num="37" count="6" type="stmt"/>
        <line num="63" count="1943" type="stmt"/>
        <line num="94" count="6" type="stmt"/>
        <line num="103" count="6" type="stmt"/>
      </file>
      <file name="patternDataValidation.ts" path="/Users/user/Desktop/@interactive-os/apg-patterns/src/patternDataValidation.ts">
        <metrics statements="37" coveredstatements="25" conditionals="44" coveredconditionals="18" methods="9" coveredmethods="4"/>
        <line num="3" count="6" type="stmt"/>
        <line num="4" count="0" type="stmt"/>
        <line num="16" count="6" type="stmt"/>
        <line num="59" count="1943" type="stmt"/>
        <line num="61" count="1943" type="stmt"/>
        <line num="62" count="3777" type="cond" truecount="1" falsecount="1"/>
        <line num="65" count="1943" type="cond" truecount="2" falsecount="0"/>
        <line num="66" count="9195" type="cond" truecount="1" falsecount="1"/>
        <line num="67" count="9195" type="stmt"/>
        <line num="68" count="5518" type="cond" truecount="1" falsecount="1"/>
        <line num="72" count="1943" type="cond" truecount="2" falsecount="0"/>
        <line num="73" count="0" type="cond" truecount="0" falsecount="2"/>
        <line num="74" count="0" type="cond" truecount="0" falsecount="2"/>
        <line num="77" count="1943" type="cond" truecount="2" falsecount="0"/>
        <line num="78" count="0" type="cond" truecount="0" falsecount="2"/>
        <line num="79" count="0" type="stmt"/>
        <line num="80" count="0" type="cond" truecount="0" falsecount="2"/>
        <line num="84" count="1943" type="stmt"/>
        <line num="85" count="0" type="cond" truecount="0" falsecount="2"/>
        <line num="88" count="1943" type="stmt"/>
        <line num="89" count="0" type="cond" truecount="0" falsecount="2"/>
        <line num="92" count="1943" type="stmt"/>
        <line num="93" count="0" type="cond" truecount="0" falsecount="2"/>
        <line num="94" count="0" type="cond" truecount="0" falsecount="2"/>
        <line num="95" count="0" type="cond" truecount="0" falsecount="2"/>
        <line num="98" count="1943" type="stmt"/>
        <line num="99" count="5829" type="stmt"/>
        <line num="100" count="5829" type="cond" truecount="3" falsecount="1"/>
        <line num="103" count="1943" type="stmt"/>
        <line num="104" count="11658" type="stmt"/>
        <line num="105" count="3635" type="cond" truecount="1" falsecount="1"/>
        <line num="109" count="1943" type="stmt"/>
        <line num="124" count="25259" type="cond" truecount="2" falsecount="0"/>
        <line num="125" count="36492" type="cond" truecount="1" falsecount="1"/>
        <line num="129" count="1943" type="stmt"/>
        <line num="130" count="3886" type="cond" truecount="2" falsecount="0"/>
        <line num="131" count="0" type="cond" truecount="0" falsecount="2"/>
      </file>
      <file name="patternDefinitionSchema.ts" path="/Users/user/Desktop/@interactive-os/apg-patterns/src/patternDefinitionSchema.ts">
        <metrics statements="23" coveredstatements="20" conditionals="4" coveredconditionals="2" methods="6" coveredmethods="5"/>
        <line num="18" count="6" type="stmt"/>
        <line num="19" count="6" type="stmt"/>
        <line num="46" count="6" type="stmt"/>
        <line num="52" count="6" type="stmt"/>
        <line num="55" count="6" type="stmt"/>
        <line num="56" count="6" type="stmt"/>
        <line num="59" count="6" type="stmt"/>
        <line num="62" count="6" type="stmt"/>
        <line num="65" count="6" type="stmt"/>
        <line num="68" count="6" type="stmt"/>
        <line num="79" count="6" type="stmt"/>
        <line num="82" count="5948" type="stmt"/>
        <line num="84" count="6" type="stmt"/>
        <line num="87" count="1072" type="stmt"/>
        <line num="89" count="6" type="stmt"/>
        <line num="96" count="6" type="stmt"/>
        <line num="108" count="1072" type="stmt"/>
        <line num="109" count="3084" type="stmt"/>
        <line num="110" count="1072" type="cond" truecount="1" falsecount="1"/>
        <line num="111" count="0" type="stmt"/>
        <line num="116" count="1072" type="cond" truecount="1" falsecount="1"/>
        <line num="117" count="0" type="stmt"/>
        <line num="120" count="0" type="stmt"/>
      </file>
      <file name="patternEventSchema.ts" path="/Users/user/Desktop/@interactive-os/apg-patterns/src/patternEventSchema.ts">
        <metrics statements="3" coveredstatements="3" conditionals="0" coveredconditionals="0" methods="0" coveredmethods="0"/>
        <line num="5" count="6" type="stmt"/>
        <line num="8" count="6" type="stmt"/>
        <line num="25" count="6" type="stmt"/>
      </file>
      <file name="patternKernel.ts" path="/Users/user/Desktop/@interactive-os/apg-patterns/src/patternKernel.ts">
        <metrics statements="90" coveredstatements="81" conditionals="82" coveredconditionals="45" methods="28" coveredmethods="18"/>
        <line num="52" count="6" type="stmt"/>
        <line num="53" count="6" type="stmt"/>
        <line num="54" count="6" type="stmt"/>
        <line num="55" count="6" type="stmt"/>
        <line num="56" count="6" type="stmt"/>
        <line num="65" count="438" type="cond" truecount="2" falsecount="2"/>
        <line num="67" count="0" type="stmt"/>
        <line num="70" count="6" type="stmt"/>
        <line num="71" count="276" type="stmt"/>
        <line num="72" count="276" type="stmt"/>
        <line num="74" count="6" type="stmt"/>
        <line num="75" count="54" type="stmt"/>
        <line num="76" count="54" type="stmt"/>
        <line num="78" count="6" type="stmt"/>
        <line num="79" count="42" type="stmt"/>
        <line num="80" count="42" type="stmt"/>
        <line num="82" count="6" type="stmt"/>
        <line num="83" count="24" type="stmt"/>
        <line num="84" count="24" type="stmt"/>
        <line num="86" count="6" type="stmt"/>
        <line num="87" count="42" type="stmt"/>
        <line num="88" count="42" type="stmt"/>
        <line num="92" count="6" type="stmt"/>
        <line num="93" count="6" type="stmt"/>
        <line num="94" count="6" type="stmt"/>
        <line num="95" count="6" type="stmt"/>
        <line num="102" count="0" type="stmt"/>
        <line num="106" count="8287" type="stmt"/>
        <line num="107" count="8287" type="cond" truecount="1" falsecount="1"/>
        <line num="108" count="8287" type="stmt"/>
        <line num="112" count="4700" type="stmt"/>
        <line num="113" count="4700" type="cond" truecount="1" falsecount="1"/>
        <line num="114" count="4700" type="stmt"/>
        <line num="118" count="1189" type="stmt"/>
        <line num="119" count="1189" type="cond" truecount="1" falsecount="1"/>
        <line num="120" count="1189" type="stmt"/>
        <line num="127" count="1" type="stmt"/>
        <line num="128" count="1" type="cond" truecount="1" falsecount="1"/>
        <line num="129" count="1" type="stmt"/>
        <line num="134" count="2485" type="cond" truecount="2" falsecount="0"/>
        <line num="135" count="2441" type="cond" truecount="2" falsecount="0"/>
        <line num="136" count="2336" type="cond" truecount="2" falsecount="0"/>
        <line num="137" count="2277" type="cond" truecount="1" falsecount="1"/>
        <line num="138" count="2277" type="cond" truecount="2" falsecount="0"/>
        <line num="139" count="35" type="stmt"/>
        <line num="140" count="35" type="cond" truecount="1" falsecount="1"/>
        <line num="141" count="35" type="stmt"/>
        <line num="143" count="2242" type="stmt"/>
        <line num="144" count="2242" type="cond" truecount="1" falsecount="1"/>
        <line num="145" count="2242" type="stmt"/>
        <line num="150" count="6" type="stmt"/>
        <line num="151" count="993" type="cond" truecount="1" falsecount="1"/>
        <line num="152" count="51" type="cond" truecount="1" falsecount="1"/>
        <line num="153" count="0" type="cond" truecount="0" falsecount="2"/>
        <line num="154" count="0" type="cond" truecount="0" falsecount="2"/>
        <line num="156" count="6" type="stmt"/>
        <line num="157" count="6" type="stmt"/>
        <line num="158" count="6" type="stmt"/>
        <line num="159" count="6" type="stmt"/>
        <line num="160" count="6" type="stmt"/>
        <line num="161" count="6" type="stmt"/>
        <line num="164" count="1055" type="stmt"/>
        <line num="165" count="1055" type="cond" truecount="1" falsecount="1"/>
        <line num="166" count="1055" type="stmt"/>
        <line num="167" count="1055" type="cond" truecount="1" falsecount="1"/>
        <line num="168" count="1055" type="stmt"/>
        <line num="181" count="122" type="cond" truecount="2" falsecount="0"/>
        <line num="182" count="93" type="cond" truecount="1" falsecount="1"/>
        <line num="183" count="93" type="cond" truecount="1" falsecount="1"/>
        <line num="184" count="0" type="cond" truecount="0" falsecount="2"/>
        <line num="185" count="0" type="cond" truecount="0" falsecount="2"/>
        <line num="187" count="93" type="cond" truecount="2" falsecount="0"/>
        <line num="188" count="11" type="cond" truecount="1" falsecount="1"/>
        <line num="189" count="11" type="cond" truecount="2" falsecount="2"/>
        <line num="191" count="82" type="stmt"/>
        <line num="192" count="82" type="cond" truecount="2" falsecount="0"/>
        <line num="193" count="41" type="cond" truecount="1" falsecount="1"/>
        <line num="194" count="41" type="cond" truecount="2" falsecount="0"/>
        <line num="195" count="31" type="cond" truecount="2" falsecount="0"/>
        <line num="196" count="20" type="cond" truecount="3" falsecount="1"/>
        <line num="197" count="20" type="stmt"/>
        <line num="199" count="11" type="cond" truecount="1" falsecount="3"/>
        <line num="200" count="11" type="cond" truecount="2" falsecount="2"/>
        <line num="201" count="0" type="cond" truecount="0" falsecount="2"/>
        <line num="202" count="0" type="cond" truecount="0" falsecount="2"/>
        <line num="203" count="0" type="stmt"/>
        <line num="207" count="1007" type="stmt"/>
        <line num="208" count="1007" type="cond" truecount="2" falsecount="0"/>
        <line num="209" count="4613" type="stmt"/>
        <line num="211" count="1007" type="stmt"/>
      </file>
      <file name="patternOptionsSchema.ts" path="/Users/user/Desktop/@interactive-os/apg-patterns/src/patternOptionsSchema.ts">
        <metrics statements="2" coveredstatements="2" conditionals="0" coveredconditionals="0" methods="1" coveredmethods="1"/>
        <line num="4" count="6" type="stmt"/>
        <line num="14" count="1095" type="stmt"/>
      </file>
      <file name="patternReducer.ts" path="/Users/user/Desktop/@interactive-os/apg-patterns/src/patternReducer.ts">
        <metrics statements="30" coveredstatements="15" conditionals="38" coveredconditionals="13" methods="2" coveredmethods="2"/>
        <line num="5" count="13" type="cond" truecount="2" falsecount="0"/>
        <line num="7" count="12" type="cond" truecount="2" falsecount="0"/>
        <line num="8" count="1" type="stmt"/>
        <line num="9" count="1" type="cond" truecount="1" falsecount="1"/>
        <line num="10" count="1" type="cond" truecount="1" falsecount="1"/>
        <line num="11" count="1" type="stmt"/>
        <line num="12" count="1" type="cond" truecount="1" falsecount="1"/>
        <line num="13" count="0" type="stmt"/>
        <line num="17" count="1" type="stmt"/>
        <line num="23" count="1" type="cond" truecount="1" falsecount="1"/>
        <line num="26" count="11" type="cond" truecount="2" falsecount="0"/>
        <line num="27" count="2" type="stmt"/>
        <line num="39" count="9" type="cond" truecount="1" falsecount="1"/>
        <line num="40" count="0" type="cond" truecount="0" falsecount="2"/>
        <line num="41" count="0" type="cond" truecount="0" falsecount="2"/>
        <line num="42" count="0" type="stmt"/>
        <line num="43" count="0" type="stmt"/>
        <line num="46" count="9" type="cond" truecount="1" falsecount="1"/>
        <line num="47" count="9" type="stmt"/>
        <line num="50" count="0" type="cond" truecount="0" falsecount="2"/>
        <line num="51" count="0" type="cond" truecount="0" falsecount="2"/>
        <line num="54" count="0" type="cond" truecount="0" falsecount="2"/>
        <line num="55" count="0" type="stmt"/>
        <line num="59" count="0" type="cond" truecount="0" falsecount="2"/>
        <line num="60" count="0" type="cond" truecount="0" falsecount="2"/>
        <line num="61" count="0" type="cond" truecount="0" falsecount="2"/>
        <line num="62" count="0" type="stmt"/>
        <line num="63" count="0" type="stmt"/>
        <line num="67" count="0" type="stmt"/>
        <line num="71" count="2" type="stmt"/>
      </file>
      <file name="patternRuntime.ts" path="/Users/user/Desktop/@interactive-os/apg-patterns/src/patternRuntime.ts">
        <metrics statements="80" coveredstatements="77" conditionals="76" coveredconditionals="61" methods="21" coveredmethods="16"/>
        <line num="44" count="1006" type="stmt"/>
        <line num="45" count="1006" type="stmt"/>
        <line num="46" count="1006" type="cond" truecount="1" falsecount="1"/>
        <line num="47" count="1006" type="stmt"/>
        <line num="48" count="1006" type="stmt"/>
        <line num="49" count="1006" type="stmt"/>
        <line num="50" count="1006" type="cond" truecount="1" falsecount="1"/>
        <line num="52" count="3303" type="stmt"/>
        <line num="61" count="1006" type="stmt"/>
        <line num="63" count="1006" type="stmt"/>
        <line num="64" count="111" type="stmt"/>
        <line num="65" count="111" type="stmt"/>
        <line num="68" count="1006" type="stmt"/>
        <line num="69" count="58" type="stmt"/>
        <line num="70" count="223" type="cond" truecount="2" falsecount="0"/>
        <line num="71" count="56" type="stmt"/>
        <line num="72" count="68" type="cond" truecount="3" falsecount="0"/>
        <line num="73" count="68" type="cond" truecount="2" falsecount="0"/>
        <line num="74" count="56" type="stmt"/>
        <line num="76" count="66" type="stmt"/>
        <line num="80" count="2" type="stmt"/>
        <line num="83" count="247" type="stmt"/>
        <line num="84" count="44" type="cond" truecount="2" falsecount="0"/>
        <line num="85" count="44" type="cond" truecount="1" falsecount="1"/>
        <line num="86" count="44" type="stmt"/>
        <line num="87" count="44" type="cond" truecount="2" falsecount="0"/>
        <line num="88" count="42" type="cond" truecount="2" falsecount="0"/>
        <line num="89" count="52" type="stmt"/>
        <line num="92" count="1006" type="stmt"/>
        <line num="93" count="2213" type="stmt"/>
        <line num="94" count="2213" type="cond" truecount="1" falsecount="1"/>
        <line num="95" count="2213" type="cond" truecount="3" falsecount="1"/>
        <line num="96" count="2213" type="stmt"/>
        <line num="97" count="2213" type="cond" truecount="2" falsecount="0"/>
        <line num="98" count="2213" type="stmt"/>
        <line num="106" count="2213" type="stmt"/>
        <line num="109" count="1006" type="stmt"/>
        <line num="110" count="1090" type="stmt"/>
        <line num="111" count="1090" type="cond" truecount="1" falsecount="1"/>
        <line num="112" count="1090" type="stmt"/>
        <line num="113" count="1090" type="stmt"/>
        <line num="114" count="1090" type="cond" truecount="1" falsecount="1"/>
        <line num="115" count="4700" type="stmt"/>
        <line num="117" count="1090" type="stmt"/>
        <line num="120" count="1006" type="stmt"/>
        <line num="121" count="1006" type="stmt"/>
        <line num="122" count="0" type="cond" truecount="0" falsecount="2"/>
        <line num="123" count="0" type="stmt"/>
        <line num="125" count="1006" type="stmt"/>
        <line num="127" count="1006" type="stmt"/>
        <line num="131" count="2213" type="stmt"/>
        <line num="132" count="2213" type="stmt"/>
        <line num="133" count="9119" type="cond" truecount="4" falsecount="0"/>
        <line num="134" count="8287" type="stmt"/>
        <line num="136" count="8287" type="cond" truecount="2" falsecount="0"/>
        <line num="138" count="2213" type="stmt"/>
        <line num="142" count="2213" type="cond" truecount="4" falsecount="0"/>
        <line num="143" count="911" type="cond" truecount="2" falsecount="0"/>
        <line num="144" count="2213" type="cond" truecount="4" falsecount="0"/>
        <line num="145" count="2213" type="cond" truecount="1" falsecount="1"/>
        <line num="149" count="6" type="stmt"/>
        <line num="164" count="6" type="stmt"/>
        <line num="165" count="0" type="stmt"/>
        <line num="172" count="2213" type="stmt"/>
        <line num="173" count="2213" type="stmt"/>
        <line num="174" count="5163" type="stmt"/>
        <line num="175" count="5163" type="cond" truecount="2" falsecount="0"/>
        <line num="176" count="2611" type="stmt"/>
        <line num="178" count="2213" type="stmt"/>
        <line num="179" count="2213" type="stmt"/>
        <line num="180" count="2611" type="stmt"/>
        <line num="181" count="2611" type="cond" truecount="1" falsecount="1"/>
        <line num="182" count="2611" type="stmt"/>
        <line num="183" count="49" type="stmt"/>
        <line num="184" count="98" type="cond" truecount="4" falsecount="0"/>
        <line num="185" count="54" type="cond" truecount="1" falsecount="1"/>
        <line num="186" count="98" type="cond" truecount="1" falsecount="1"/>
        <line num="187" count="56" type="stmt"/>
        <line num="191" count="2213" type="stmt"/>
        <line num="195" count="13069" type="stmt"/>
      </file>
      <file name="react.ts" path="/Users/user/Desktop/@interactive-os/apg-patterns/src/react.ts">
        <metrics statements="30" coveredstatements="17" conditionals="4" coveredconditionals="3" methods="21" coveredmethods="10"/>
        <line num="25" count="89" type="stmt"/>
        <line num="26" count="89" type="stmt"/>
        <line num="27" count="89" type="stmt"/>
        <line num="29" count="89" type="stmt"/>
        <line num="31" count="89" type="stmt"/>
        <line num="36" count="73" type="stmt"/>
        <line num="44" count="89" type="stmt"/>
        <line num="45" count="89" type="stmt"/>
        <line num="46" count="89" type="stmt"/>
        <line num="48" count="89" type="stmt"/>
        <line num="51" count="418" type="stmt"/>
        <line num="60" count="0" type="stmt"/>
        <line num="69" count="925" type="stmt"/>
        <line num="73" count="418" type="stmt"/>
        <line num="74" count="418" type="stmt"/>
        <line num="75" count="418" type="stmt"/>
        <line num="78" count="1" type="stmt"/>
        <line num="79" count="1" type="stmt"/>
        <line num="93" count="0" type="stmt"/>
        <line num="94" count="0" type="stmt"/>
        <line num="95" count="0" type="stmt"/>
        <line num="96" count="0" type="stmt"/>
        <line num="98" count="0" type="stmt"/>
        <line num="100" count="0" type="stmt"/>
        <line num="104" count="0" type="stmt"/>
        <line num="105" count="0" type="stmt"/>
        <line num="113" count="0" type="stmt"/>
        <line num="115" count="0" type="stmt"/>
        <line num="116" count="0" type="stmt"/>
        <line num="117" count="0" type="stmt"/>
      </file>
      <file name="schema.ts" path="/Users/user/Desktop/@interactive-os/apg-patterns/src/schema.ts">
        <metrics statements="0" coveredstatements="0" conditionals="0" coveredconditionals="0" methods="0" coveredmethods="0"/>
      </file>
    </package>
    <package name="src.patterns.checkbox">
      <metrics statements="5" coveredstatements="5" conditionals="6" coveredconditionals="4" methods="1" coveredmethods="1"/>
      <file name="definition.ts" path="/Users/user/Desktop/@interactive-os/apg-patterns/src/patterns/checkbox/definition.ts">
        <metrics statements="5" coveredstatements="5" conditionals="6" coveredconditionals="4" methods="1" coveredmethods="1"/>
        <line num="4" count="6" type="stmt"/>
        <line num="5" count="19" type="cond" truecount="3" falsecount="1"/>
        <line num="6" count="19" type="cond" truecount="1" falsecount="1"/>
        <line num="7" count="19" type="stmt"/>
        <line num="10" count="6" type="stmt"/>
      </file>
    </package>
    <package name="src.patterns.combobox">
      <metrics statements="19" coveredstatements="10" conditionals="24" coveredconditionals="4" methods="8" coveredmethods="7"/>
      <file name="definition.ts" path="/Users/user/Desktop/@interactive-os/apg-patterns/src/patterns/combobox/definition.ts">
        <metrics statements="19" coveredstatements="10" conditionals="24" coveredconditionals="4" methods="8" coveredmethods="7"/>
        <line num="27" count="6" type="stmt"/>
        <line num="28" count="6" type="stmt"/>
        <line num="30" count="11" type="stmt"/>
        <line num="32" count="35" type="cond" truecount="1" falsecount="1"/>
        <line num="33" count="35" type="cond" truecount="1" falsecount="1"/>
        <line num="34" count="35" type="cond" truecount="1" falsecount="1"/>
        <line num="36" count="424" type="stmt"/>
        <line num="38" count="6" type="stmt"/>
        <line num="39" count="0" type="stmt"/>
        <line num="40" count="0" type="cond" truecount="0" falsecount="2"/>
        <line num="41" count="0" type="stmt"/>
        <line num="42" count="0" type="cond" truecount="0" falsecount="2"/>
        <line num="43" count="0" type="cond" truecount="0" falsecount="4"/>
        <line num="44" count="0" type="cond" truecount="0" falsecount="4"/>
        <line num="45" count="0" type="cond" truecount="0" falsecount="2"/>
        <line num="46" count="0" type="cond" truecount="0" falsecount="2"/>
        <line num="47" count="0" type="stmt"/>
        <line num="50" count="16" type="cond" truecount="1" falsecount="1"/>
        <line num="52" count="6" type="stmt"/>
      </file>
    </package>
    <package name="src.patterns.disclosure">
      <metrics statements="21" coveredstatements="7" conditionals="26" coveredconditionals="4" methods="9" coveredmethods="1"/>
      <file name="definition.ts" path="/Users/user/Desktop/@interactive-os/apg-patterns/src/patterns/disclosure/definition.ts">
        <metrics statements="7" coveredstatements="7" conditionals="8" coveredconditionals="4" methods="1" coveredmethods="1"/>
        <line num="3" count="6" type="stmt"/>
        <line num="4" count="6" type="cond" truecount="1" falsecount="1"/>
        <line num="5" count="6" type="cond" truecount="1" falsecount="1"/>
        <line num="6" count="6" type="cond" truecount="1" falsecount="1"/>
        <line num="7" count="6" type="cond" truecount="1" falsecount="1"/>
        <line num="10" count="6" type="stmt"/>
        <line num="76" count="6" type="stmt"/>
      </file>
      <file name="runtime.ts" path="/Users/user/Desktop/@interactive-os/apg-patterns/src/patterns/disclosure/runtime.ts">
        <metrics statements="14" coveredstatements="0" conditionals="18" coveredconditionals="0" methods="8" coveredmethods="0"/>
        <line num="40" count="0" type="stmt"/>
        <line num="41" count="0" type="cond" truecount="0" falsecount="2"/>
        <line num="42" count="0" type="stmt"/>
        <line num="43" count="0" type="stmt"/>
        <line num="47" count="0" type="cond" truecount="0" falsecount="2"/>
        <line num="52" count="0" type="cond" truecount="0" falsecount="2"/>
        <line num="53" count="0" type="cond" truecount="0" falsecount="4"/>
        <line num="54" count="0" type="cond" truecount="0" falsecount="4"/>
        <line num="56" count="0" type="stmt"/>
        <line num="63" count="0" type="cond" truecount="0" falsecount="2"/>
        <line num="64" count="0" type="cond" truecount="0" falsecount="2"/>
        <line num="65" count="0" type="stmt"/>
        <line num="71" count="0" type="stmt"/>
        <line num="75" count="0" type="stmt"/>
      </file>
    </package>
    <package name="src.patterns.grid">
      <metrics statements="35" coveredstatements="12" conditionals="39" coveredconditionals="0" methods="12" coveredmethods="0"/>
      <file name="definition.ts" path="/Users/user/Desktop/@interactive-os/apg-patterns/src/patterns/grid/definition.ts">
        <metrics statements="35" coveredstatements="12" conditionals="39" coveredconditionals="0" methods="12" coveredmethods="0"/>
        <line num="8" count="6" type="stmt"/>
        <line num="10" count="6" type="stmt"/>
        <line num="11" count="0" type="cond" truecount="0" falsecount="2"/>
        <line num="13" count="0" type="cond" truecount="0" falsecount="2"/>
        <line num="14" count="0" type="stmt"/>
        <line num="17" count="6" type="stmt"/>
        <line num="19" count="6" type="cond" truecount="0" falsecount="2"/>
        <line num="20" count="6" type="cond" truecount="0" falsecount="2"/>
        <line num="21" count="6" type="cond" truecount="0" falsecount="2"/>
        <line num="22" count="6" type="stmt"/>
        <line num="23" count="0" type="cond" truecount="0" falsecount="3"/>
        <line num="26" count="6" type="stmt"/>
        <line num="27" count="0" type="stmt"/>
        <line num="28" count="0" type="cond" truecount="0" falsecount="2"/>
        <line num="38" count="0" type="stmt"/>
        <line num="40" count="0" type="stmt"/>
        <line num="43" count="6" type="stmt"/>
        <line num="44" count="0" type="stmt"/>
        <line num="45" count="0" type="cond" truecount="0" falsecount="4"/>
        <line num="46" count="0" type="stmt"/>
        <line num="48" count="0" type="stmt"/>
        <line num="49" count="0" type="stmt"/>
        <line num="50" count="0" type="stmt"/>
        <line num="51" count="0" type="stmt"/>
        <line num="52" count="0" type="cond" truecount="0" falsecount="2"/>
        <line num="53" count="0" type="stmt"/>
        <line num="54" count="0" type="stmt"/>
        <line num="57" count="0" type="cond" truecount="0" falsecount="2"/>
        <line num="58" count="0" type="cond" truecount="0" falsecount="2"/>
        <line num="59" count="0" type="stmt"/>
        <line num="60" count="0" type="cond" truecount="0" falsecount="2"/>
        <line num="61" count="0" type="cond" truecount="0" falsecount="2"/>
        <line num="64" count="6" type="stmt"/>
        <line num="72" count="6" type="stmt"/>
        <line num="77" count="6" type="stmt"/>
      </file>
    </package>
    <package name="src.patterns.listbox">
      <metrics statements="1" coveredstatements="1" conditionals="0" coveredconditionals="0" methods="0" coveredmethods="0"/>
      <file name="definition.ts" path="/Users/user/Desktop/@interactive-os/apg-patterns/src/patterns/listbox/definition.ts">
        <metrics statements="1" coveredstatements="1" conditionals="0" coveredconditionals="0" methods="0" coveredmethods="0"/>
        <line num="3" count="6" type="stmt"/>
      </file>
    </package>
    <package name="src.patterns.menu">
      <metrics statements="13" coveredstatements="7" conditionals="16" coveredconditionals="0" methods="3" coveredmethods="0"/>
      <file name="definition.ts" path="/Users/user/Desktop/@interactive-os/apg-patterns/src/patterns/menu/definition.ts">
        <metrics statements="13" coveredstatements="7" conditionals="16" coveredconditionals="0" methods="3" coveredmethods="0"/>
        <line num="18" count="6" type="stmt"/>
        <line num="19" count="0" type="cond" truecount="0" falsecount="2"/>
        <line num="20" count="0" type="cond" truecount="0" falsecount="4"/>
        <line num="24" count="6" type="stmt"/>
        <line num="25" count="0" type="cond" truecount="0" falsecount="2"/>
        <line num="26" count="0" type="cond" truecount="0" falsecount="2"/>
        <line num="27" count="0" type="cond" truecount="0" falsecount="2"/>
        <line num="28" count="0" type="cond" truecount="0" falsecount="2"/>
        <line num="32" count="6" type="cond" truecount="0" falsecount="2"/>
        <line num="38" count="6" type="stmt"/>
        <line num="117" count="6" type="stmt"/>
        <line num="203" count="6" type="stmt"/>
        <line num="207" count="6" type="stmt"/>
      </file>
    </package>
    <package name="src.patterns.radio">
      <metrics statements="4" coveredstatements="4" conditionals="8" coveredconditionals="4" methods="2" coveredmethods="2"/>
      <file name="definition.ts" path="/Users/user/Desktop/@interactive-os/apg-patterns/src/patterns/radio/definition.ts">
        <metrics statements="4" coveredstatements="4" conditionals="8" coveredconditionals="4" methods="2" coveredmethods="2"/>
        <line num="4" count="12" type="cond" truecount="2" falsecount="2"/>
        <line num="5" count="12" type="cond" truecount="2" falsecount="2"/>
        <line num="7" count="6" type="stmt"/>
        <line num="15" count="6" type="stmt"/>
      </file>
    </package>
    <package name="src.patterns.slider">
      <metrics statements="7" coveredstatements="7" conditionals="6" coveredconditionals="3" methods="6" coveredmethods="6"/>
      <file name="definition.ts" path="/Users/user/Desktop/@interactive-os/apg-patterns/src/patterns/slider/definition.ts">
        <metrics statements="7" coveredstatements="7" conditionals="6" coveredconditionals="3" methods="6" coveredmethods="6"/>
        <line num="4" count="35" type="stmt"/>
        <line num="5" count="35" type="stmt"/>
        <line num="6" count="35" type="cond" truecount="1" falsecount="1"/>
        <line num="7" count="35" type="cond" truecount="1" falsecount="1"/>
        <line num="8" count="35" type="cond" truecount="1" falsecount="1"/>
        <line num="10" count="72" type="stmt"/>
        <line num="14" count="6" type="stmt"/>
      </file>
    </package>
    <package name="src.patterns.tabs">
      <metrics statements="31" coveredstatements="12" conditionals="39" coveredconditionals="10" methods="11" coveredmethods="1"/>
      <file name="definition.ts" path="/Users/user/Desktop/@interactive-os/apg-patterns/src/patterns/tabs/definition.ts">
        <metrics statements="16" coveredstatements="11" conditionals="27" coveredconditionals="10" methods="2" coveredmethods="1"/>
        <line num="7" count="6" type="stmt"/>
        <line num="8" count="0" type="stmt"/>
        <line num="9" count="0" type="cond" truecount="0" falsecount="5"/>
        <line num="10" count="0" type="cond" truecount="0" falsecount="5"/>
        <line num="11" count="0" type="stmt"/>
        <line num="14" count="6" type="stmt"/>
        <line num="15" count="6" type="cond" truecount="1" falsecount="1"/>
        <line num="16" count="6" type="cond" truecount="1" falsecount="1"/>
        <line num="17" count="6" type="cond" truecount="1" falsecount="1"/>
        <line num="18" count="6" type="cond" truecount="4" falsecount="1"/>
        <line num="19" count="0" type="stmt"/>
        <line num="21" count="6" type="cond" truecount="1" falsecount="1"/>
        <line num="22" count="6" type="cond" truecount="1" falsecount="1"/>
        <line num="23" count="6" type="cond" truecount="1" falsecount="1"/>
        <line num="26" count="6" type="stmt"/>
        <line num="109" count="6" type="stmt"/>
      </file>
      <file name="runtime.ts" path="/Users/user/Desktop/@interactive-os/apg-patterns/src/patterns/tabs/runtime.ts">
        <metrics statements="15" coveredstatements="1" conditionals="12" coveredconditionals="0" methods="9" coveredmethods="0"/>
        <line num="31" count="6" type="stmt"/>
        <line num="37" count="0" type="stmt"/>
        <line num="38" count="0" type="cond" truecount="0" falsecount="2"/>
        <line num="39" count="0" type="stmt"/>
        <line num="40" count="0" type="stmt"/>
        <line num="44" count="0" type="cond" truecount="0" falsecount="2"/>
        <line num="49" count="0" type="cond" truecount="0" falsecount="4"/>
        <line num="50" count="0" type="cond" truecount="0" falsecount="4"/>
        <line num="52" count="0" type="stmt"/>
        <line num="57" count="0" type="stmt"/>
        <line num="61" count="0" type="stmt"/>
        <line num="62" count="0" type="stmt"/>
        <line num="63" count="0" type="stmt"/>
        <line num="69" count="0" type="stmt"/>
        <line num="73" count="0" type="stmt"/>
      </file>
    </package>
    <package name="src.patterns.treeview">
      <metrics statements="82" coveredstatements="65" conditionals="68" coveredconditionals="28" methods="24" coveredmethods="18"/>
      <file name="definition.ts" path="/Users/user/Desktop/@interactive-os/apg-patterns/src/patterns/treeview/definition.ts">
        <metrics statements="18" coveredstatements="17" conditionals="14" coveredconditionals="8" methods="1" coveredmethods="1"/>
        <line num="4" count="6" type="stmt"/>
        <line num="5" count="6" type="stmt"/>
        <line num="6" count="6" type="stmt"/>
        <line num="7" count="6" type="stmt"/>
        <line num="8" count="6" type="stmt"/>
        <line num="9" count="6" type="stmt"/>
        <line num="10" count="6" type="stmt"/>
        <line num="11" count="6" type="stmt"/>
        <line num="13" count="6" type="stmt"/>
        <line num="14" count="6" type="cond" truecount="1" falsecount="1"/>
        <line num="15" count="6" type="cond" truecount="1" falsecount="1"/>
        <line num="16" count="6" type="cond" truecount="1" falsecount="1"/>
        <line num="17" count="6" type="cond" truecount="3" falsecount="1"/>
        <line num="18" count="0" type="stmt"/>
        <line num="20" count="6" type="cond" truecount="1" falsecount="1"/>
        <line num="21" count="6" type="cond" truecount="1" falsecount="1"/>
        <line num="24" count="6" type="stmt"/>
        <line num="187" count="6" type="stmt"/>
      </file>
      <file name="navigation.ts" path="/Users/user/Desktop/@interactive-os/apg-patterns/src/patterns/treeview/navigation.ts">
        <metrics statements="11" coveredstatements="7" conditionals="15" coveredconditionals="3" methods="5" coveredmethods="3"/>
        <line num="4" count="6" type="stmt"/>
        <line num="5" count="0" type="cond" truecount="0" falsecount="2"/>
        <line num="6" count="0" type="cond" truecount="0" falsecount="2"/>
        <line num="9" count="6" type="stmt"/>
        <line num="10" count="0" type="cond" truecount="0" falsecount="2"/>
        <line num="11" count="0" type="cond" truecount="0" falsecount="3"/>
        <line num="14" count="6" type="stmt"/>
        <line num="15" count="1107" type="cond" truecount="1" falsecount="1"/>
        <line num="16" count="1107" type="stmt"/>
        <line num="18" count="1065" type="cond" truecount="1" falsecount="1"/>
        <line num="19" count="5346" type="stmt"/>
      </file>
      <file name="runtime.ts" path="/Users/user/Desktop/@interactive-os/apg-patterns/src/patterns/treeview/runtime.ts">
        <metrics statements="53" coveredstatements="41" conditionals="39" coveredconditionals="17" methods="18" coveredmethods="14"/>
        <line num="58" count="6" type="stmt"/>
        <line num="69" count="89" type="stmt"/>
        <line num="70" count="89" type="cond" truecount="2" falsecount="0"/>
        <line num="71" count="89" type="stmt"/>
        <line num="72" count="1676" type="cond" truecount="1" falsecount="1"/>
        <line num="73" count="89" type="cond" truecount="1" falsecount="1"/>
        <line num="74" count="89" type="stmt"/>
        <line num="82" count="89" type="stmt"/>
        <line num="83" count="178" type="stmt"/>
        <line num="84" count="178" type="stmt"/>
        <line num="87" count="29" type="cond" truecount="1" falsecount="1"/>
        <line num="88" count="29" type="cond" truecount="1" falsecount="1"/>
        <line num="89" count="29" type="cond" truecount="2" falsecount="0"/>
        <line num="90" count="29" type="stmt"/>
        <line num="91" count="29" type="cond" truecount="2" falsecount="0"/>
        <line num="92" count="3" type="stmt"/>
        <line num="93" count="3" type="stmt"/>
        <line num="94" count="3" type="stmt"/>
        <line num="96" count="26" type="stmt"/>
        <line num="101" count="89" type="stmt"/>
        <line num="102" count="836" type="stmt"/>
        <line num="105" count="89" type="stmt"/>
        <line num="106" count="836" type="stmt"/>
        <line num="107" count="836" type="stmt"/>
        <line num="110" count="89" type="stmt"/>
        <line num="115" count="836" type="stmt"/>
        <line num="122" count="89" type="stmt"/>
        <line num="132" count="182" type="stmt"/>
        <line num="136" count="836" type="stmt"/>
        <line num="140" count="0" type="stmt"/>
        <line num="142" count="836" type="stmt"/>
        <line num="143" count="836" type="stmt"/>
        <line num="144" count="836" type="stmt"/>
        <line num="145" count="836" type="stmt"/>
        <line num="146" count="836" type="stmt"/>
        <line num="147" count="836" type="stmt"/>
        <line num="148" count="836" type="cond" truecount="1" falsecount="1"/>
        <line num="149" count="836" type="stmt"/>
        <line num="164" count="0" type="stmt"/>
        <line num="165" count="0" type="cond" truecount="0" falsecount="2"/>
        <line num="166" count="0" type="stmt"/>
        <line num="167" count="0" type="cond" truecount="0" falsecount="5"/>
        <line num="168" count="0" type="stmt"/>
        <line num="170" count="0" type="stmt"/>
        <line num="174" count="0" type="stmt"/>
        <line num="177" count="0" type="stmt"/>
        <line num="189" count="0" type="stmt"/>
        <line num="190" count="0" type="cond" truecount="0" falsecount="2"/>
        <line num="191" count="0" type="stmt"/>
        <line num="200" count="29" type="cond" truecount="2" falsecount="0"/>
        <line num="201" count="28" type="cond" truecount="2" falsecount="0"/>
        <line num="203" count="4" type="stmt"/>
        <line num="204" count="20" type="stmt"/>
      </file>
    </package>
  </project>
</coverage>
