{"/Users/user/Desktop/@interactive-os/apg-patterns/demo/src/Checkbox.tsx": {"path":"/Users/user/Desktop/@interactive-os/apg-patterns/demo/src/Checkbox.tsx","statementMap":{"0":{"start":{"line":9,"column":2},"end":{"line":9,"column":null}},"1":{"start":{"line":20,"column":8},"end":{"line":30,"column":null}},"2":{"start":{"line":20,"column":18},"end":{"line":28,"column":null}},"3":{"start":{"line":27,"column":33},"end":{"line":27,"column":null}},"4":{"start":{"line":32,"column":19},"end":{"line":32,"column":null}},"5":{"start":{"line":33,"column":2},"end":{"line":33,"column":null}},"6":{"start":{"line":33,"column":29},"end":{"line":33,"column":null}},"7":{"start":{"line":35,"column":16},"end":{"line":39,"column":null}},"8":{"start":{"line":36,"column":45},"end":{"line":36,"column":null}},"9":{"start":{"line":37,"column":18},"end":{"line":37,"column":null}},"10":{"start":{"line":38,"column":4},"end":{"line":38,"column":null}},"11":{"start":{"line":41,"column":8},"end":{"line":46,"column":null}},"12":{"start":{"line":41,"column":25},"end":{"line":46,"column":null}},"13":{"start":{"line":42,"column":19},"end":{"line":42,"column":null}},"14":{"start":{"line":43,"column":4},"end":{"line":43,"column":null}},"15":{"start":{"line":43,"column":17},"end":{"line":43,"column":null}},"16":{"start":{"line":44,"column":4},"end":{"line":44,"column":null}},"17":{"start":{"line":44,"column":31},"end":{"line":44,"column":null}},"18":{"start":{"line":45,"column":4},"end":{"line":45,"column":null}},"19":{"start":{"line":45,"column":38},"end":{"line":45,"column":null}},"20":{"start":{"line":48,"column":8},"end":{"line":48,"column":null}},"21":{"start":{"line":48,"column":23},"end":{"line":48,"column":null}},"22":{"start":{"line":48,"column":45},"end":{"line":48,"column":null}},"23":{"start":{"line":50,"column":8},"end":{"line":71,"column":null}},"24":{"start":{"line":51,"column":20},"end":{"line":51,"column":null}},"25":{"start":{"line":52,"column":17},"end":{"line":52,"column":null}},"26":{"start":{"line":53,"column":4},"end":{"line":69,"column":null}},"27":{"start":{"line":73,"column":2},"end":{"line":73,"column":null}},"28":{"start":{"line":73,"column":26},"end":{"line":73,"column":null}},"29":{"start":{"line":75,"column":17},"end":{"line":75,"column":null}},"30":{"start":{"line":76,"column":19},"end":{"line":76,"column":null}},"31":{"start":{"line":77,"column":18},"end":{"line":77,"column":null}},"32":{"start":{"line":78,"column":2},"end":{"line":89,"column":null}}},"fnMap":{"0":{"name":"Checkbox","decl":{"start":{"line":11,"column":16},"end":{"line":11,"column":25}},"loc":{"start":{"line":19,"column":3},"end":{"line":91,"column":null}},"line":19},"1":{"name":"(anonymous_1)","decl":{"start":{"line":20,"column":18},"end":{"line":20,"column":null}},"loc":{"start":{"line":20,"column":18},"end":{"line":28,"column":null}},"line":20},"2":{"name":"(anonymous_2)","decl":{"start":{"line":27,"column":8},"end":{"line":27,"column":25}},"loc":{"start":{"line":27,"column":33},"end":{"line":27,"column":null}},"line":27},"3":{"name":"(anonymous_3)","decl":{"start":{"line":35,"column":25},"end":{"line":35,"column":30}},"loc":{"start":{"line":35,"column":38},"end":{"line":39,"column":3}},"line":35},"4":{"name":"(anonymous_4)","decl":{"start":{"line":41,"column":8},"end":{"line":41,"column":25}},"loc":{"start":{"line":41,"column":25},"end":{"line":46,"column":null}},"line":41},"5":{"name":"(anonymous_5)","decl":{"start":{"line":41,"column":25},"end":{"line":41,"column":42}},"loc":{"start":{"line":41,"column":83},"end":{"line":46,"column":null}},"line":41},"6":{"name":"(anonymous_6)","decl":{"start":{"line":48,"column":8},"end":{"line":48,"column":23}},"loc":{"start":{"line":48,"column":23},"end":{"line":48,"column":null}},"line":48},"7":{"name":"(anonymous_7)","decl":{"start":{"line":48,"column":23},"end":{"line":48,"column":45}},"loc":{"start":{"line":48,"column":45},"end":{"line":48,"column":null}},"line":48},"8":{"name":"(anonymous_8)","decl":{"start":{"line":50,"column":8},"end":{"line":50,"column":22}},"loc":{"start":{"line":50,"column":72},"end":{"line":71,"column":null}},"line":50}},"branchMap":{"0":{"loc":{"start":{"line":32,"column":19},"end":{"line":32,"column":null}},"type":"binary-expr","locations":[{"start":{"line":32,"column":19},"end":{"line":32,"column":47}},{"start":{"line":32,"column":47},"end":{"line":32,"column":null}}],"line":32},"1":{"loc":{"start":{"line":33,"column":2},"end":{"line":33,"column":null}},"type":"if","locations":[{"start":{"line":33,"column":2},"end":{"line":33,"column":null}},{"start":{},"end":{}}],"line":33},"2":{"loc":{"start":{"line":43,"column":4},"end":{"line":43,"column":null}},"type":"if","locations":[{"start":{"line":43,"column":4},"end":{"line":43,"column":null}},{"start":{},"end":{}}],"line":43},"3":{"loc":{"start":{"line":44,"column":4},"end":{"line":44,"column":null}},"type":"if","locations":[{"start":{"line":44,"column":4},"end":{"line":44,"column":null}},{"start":{},"end":{}}],"line":44},"4":{"loc":{"start":{"line":52,"column":17},"end":{"line":52,"column":null}},"type":"cond-expr","locations":[{"start":{"line":52,"column":39},"end":{"line":52,"column":45}},{"start":{"line":52,"column":45},"end":{"line":52,"column":null}}],"line":52},"5":{"loc":{"start":{"line":52,"column":45},"end":{"line":52,"column":null}},"type":"cond-expr","locations":[{"start":{"line":52,"column":64},"end":{"line":52,"column":70}},{"start":{"line":52,"column":70},"end":{"line":52,"column":null}}],"line":52},"6":{"loc":{"start":{"line":73,"column":2},"end":{"line":73,"column":null}},"type":"if","locations":[{"start":{"line":73,"column":2},"end":{"line":73,"column":null}},{"start":{},"end":{}}],"line":73},"7":{"loc":{"start":{"line":80,"column":7},"end":{"line":84,"column":null}},"type":"cond-expr","locations":[{"start":{"line":81,"column":8},"end":{"line":84,"column":null}},{"start":{"line":84,"column":10},"end":{"line":84,"column":null}}],"line":80},"8":{"loc":{"start":{"line":86,"column":41},"end":{"line":86,"column":75}},"type":"cond-expr","locations":[{"start":{"line":86,"column":54},"end":{"line":86,"column":64}},{"start":{"line":86,"column":64},"end":{"line":86,"column":75}}],"line":86}},"s":{"0":1,"1":18,"2":18,"3":44,"4":18,"5":18,"6":0,"7":18,"8":44,"9":44,"10":44,"11":18,"12":44,"13":3,"14":3,"15":0,"16":3,"17":3,"18":3,"19":3,"20":18,"21":44,"22":0,"23":18,"24":44,"25":44,"26":44,"27":18,"28":5,"29":13,"30":13,"31":13,"32":13},"f":{"0":18,"1":18,"2":44,"3":44,"4":44,"5":3,"6":44,"7":0,"8":44},"b":{"0":[18,0],"1":[0,18],"2":[0,3],"3":[3,0],"4":[4,40],"5":[15,25],"6":[5,13],"7":[13,0],"8":[13,0]},"meta":{"lastBranch":9,"lastFunction":9,"lastStatement":33,"seen":{"s:9:2:9:Infinity":0,"f:11:16:11:25":0,"s:20:8:30:Infinity":1,"f:20:18:20:Infinity":1,"s:20:18:28:Infinity":2,"f:27:8:27:25":2,"s:27:33:27:Infinity":3,"s:32:19:32:Infinity":4,"b:32:19:32:47:32:47:32:Infinity":0,"b:33:2:33:Infinity:undefined:undefined:undefined:undefined":1,"s:33:2:33:Infinity":5,"s:33:29:33:Infinity":6,"s:35:16:39:Infinity":7,"f:35:25:35:30":3,"s:36:45:36:Infinity":8,"s:37:18:37:Infinity":9,"s:38:4:38:Infinity":10,"s:41:8:46:Infinity":11,"f:41:8:41:25":4,"s:41:25:46:Infinity":12,"f:41:25:41:42":5,"s:42:19:42:Infinity":13,"b:43:4:43:Infinity:undefined:undefined:undefined:undefined":2,"s:43:4:43:Infinity":14,"s:43:17:43:Infinity":15,"b:44:4:44:Infinity:undefined:undefined:undefined:undefined":3,"s:44:4:44:Infinity":16,"s:44:31:44:Infinity":17,"s:45:4:45:Infinity":18,"s:45:38:45:Infinity":19,"s:48:8:48:Infinity":20,"f:48:8:48:23":6,"s:48:23:48:Infinity":21,"f:48:23:48:45":7,"s:48:45:48:Infinity":22,"s:50:8:71:Infinity":23,"f:50:8:50:22":8,"s:51:20:51:Infinity":24,"s:52:17:52:Infinity":25,"b:52:39:52:45:52:45:52:Infinity":4,"b:52:64:52:70:52:70:52:Infinity":5,"s:53:4:69:Infinity":26,"b:73:2:73:Infinity:undefined:undefined:undefined:undefined":6,"s:73:2:73:Infinity":27,"s:73:26:73:Infinity":28,"s:75:17:75:Infinity":29,"s:76:19:76:Infinity":30,"s:77:18:77:Infinity":31,"s:78:2:89:Infinity":32,"b:81:8:84:Infinity:84:10:84:Infinity":7,"b:86:54:86:64:86:64:86:75":8}}}
,"/Users/user/Desktop/@interactive-os/apg-patterns/demo/src/MultiThumbSlider.tsx": {"path":"/Users/user/Desktop/@interactive-os/apg-patterns/demo/src/MultiThumbSlider.tsx","statementMap":{"0":{"start":{"line":23,"column":19},"end":{"line":23,"column":null}},"1":{"start":{"line":24,"column":27},"end":{"line":24,"column":null}},"2":{"start":{"line":25,"column":19},"end":{"line":25,"column":null}},"3":{"start":{"line":26,"column":19},"end":{"line":26,"column":null}},"4":{"start":{"line":27,"column":16},"end":{"line":27,"column":null}},"5":{"start":{"line":28,"column":8},"end":{"line":28,"column":null}},"6":{"start":{"line":29,"column":8},"end":{"line":29,"column":null}},"7":{"start":{"line":31,"column":2},"end":{"line":45,"column":null}},"8":{"start":{"line":66,"column":41},"end":{"line":66,"column":null}},"9":{"start":{"line":67,"column":2},"end":{"line":81,"column":null}},"10":{"start":{"line":72,"column":8},"end":{"line":72,"column":null}},"11":{"start":{"line":73,"column":8},"end":{"line":73,"column":null}},"12":{"start":{"line":75,"column":21},"end":{"line":75,"column":null}}},"fnMap":{"0":{"name":"MultiThumbSlider","decl":{"start":{"line":7,"column":16},"end":{"line":7,"column":33}},"loc":{"start":{"line":22,"column":3},"end":{"line":47,"column":null}},"line":22},"1":{"name":"MultiThumbSliderThumb","decl":{"start":{"line":49,"column":9},"end":{"line":49,"column":31}},"loc":{"start":{"line":65,"column":3},"end":{"line":83,"column":null}},"line":65},"2":{"name":"(anonymous_2)","decl":{"start":{"line":71,"column":6},"end":{"line":71,"column":18}},"loc":{"start":{"line":71,"column":28},"end":{"line":74,"column":null}},"line":71},"3":{"name":"(anonymous_3)","decl":{"start":{"line":75,"column":6},"end":{"line":75,"column":21}},"loc":{"start":{"line":75,"column":21},"end":{"line":75,"column":null}},"line":75}},"branchMap":{"0":{"loc":{"start":{"line":23,"column":19},"end":{"line":23,"column":null}},"type":"binary-expr","locations":[{"start":{"line":23,"column":19},"end":{"line":23,"column":47}},{"start":{"line":23,"column":47},"end":{"line":23,"column":null}}],"line":23},"1":{"loc":{"start":{"line":25,"column":26},"end":{"line":25,"column":65}},"type":"binary-expr","locations":[{"start":{"line":25,"column":26},"end":{"line":25,"column":62}},{"start":{"line":25,"column":62},"end":{"line":25,"column":65}}],"line":25},"2":{"loc":{"start":{"line":26,"column":26},"end":{"line":26,"column":65}},"type":"binary-expr","locations":[{"start":{"line":26,"column":26},"end":{"line":26,"column":62}},{"start":{"line":26,"column":62},"end":{"line":26,"column":65}}],"line":26},"3":{"loc":{"start":{"line":27,"column":16},"end":{"line":27,"column":null}},"type":"binary-expr","locations":[{"start":{"line":27,"column":16},"end":{"line":27,"column":29}},{"start":{"line":27,"column":29},"end":{"line":27,"column":null}}],"line":27}},"s":{"0":4,"1":4,"2":4,"3":4,"4":4,"5":4,"6":4,"7":4,"8":8,"9":8,"10":1,"11":1,"12":0},"f":{"0":4,"1":8,"2":1,"3":0},"b":{"0":[4,0],"1":[4,0],"2":[4,0],"3":[4,0]},"meta":{"lastBranch":4,"lastFunction":4,"lastStatement":13,"seen":{"f:7:16:7:33":0,"s:23:19:23:Infinity":0,"b:23:19:23:47:23:47:23:Infinity":0,"s:24:27:24:Infinity":1,"s:25:19:25:Infinity":2,"b:25:26:25:62:25:62:25:65":1,"s:26:19:26:Infinity":3,"b:26:26:26:62:26:62:26:65":2,"s:27:16:27:Infinity":4,"b:27:16:27:29:27:29:27:Infinity":3,"s:28:8:28:Infinity":5,"s:29:8:29:Infinity":6,"s:31:2:45:Infinity":7,"f:49:9:49:31":1,"s:66:41:66:Infinity":8,"s:67:2:81:Infinity":9,"f:71:6:71:18":2,"s:72:8:72:Infinity":10,"s:73:8:73:Infinity":11,"f:75:6:75:21":3,"s:75:21:75:Infinity":12}}}
,"/Users/user/Desktop/@interactive-os/apg-patterns/demo/src/RadioGroup.tsx": {"path":"/Users/user/Desktop/@interactive-os/apg-patterns/demo/src/RadioGroup.tsx","statementMap":{"0":{"start":{"line":14,"column":8},"end":{"line":20,"column":null}},"1":{"start":{"line":19,"column":29},"end":{"line":19,"column":null}},"2":{"start":{"line":21,"column":20},"end":{"line":21,"column":null}},"3":{"start":{"line":22,"column":20},"end":{"line":22,"column":null}},"4":{"start":{"line":24,"column":2},"end":{"line":46,"column":null}},"5":{"start":{"line":27,"column":59},"end":{"line":27,"column":null}},"6":{"start":{"line":31,"column":27},"end":{"line":31,"column":null}},"7":{"start":{"line":32,"column":22},"end":{"line":32,"column":null}},"8":{"start":{"line":33,"column":8},"end":{"line":43,"column":null}}},"fnMap":{"0":{"name":"RadioGroup","decl":{"start":{"line":7,"column":16},"end":{"line":7,"column":27}},"loc":{"start":{"line":13,"column":3},"end":{"line":48,"column":null}},"line":13},"1":{"name":"(anonymous_1)","decl":{"start":{"line":19,"column":4},"end":{"line":19,"column":21}},"loc":{"start":{"line":19,"column":29},"end":{"line":19,"column":null}},"line":19},"2":{"name":"(anonymous_2)","decl":{"start":{"line":27,"column":6},"end":{"line":27,"column":18}},"loc":{"start":{"line":27,"column":59},"end":{"line":27,"column":null}},"line":27},"3":{"name":"(anonymous_3)","decl":{"start":{"line":30,"column":40},"end":{"line":30,"column":45}},"loc":{"start":{"line":30,"column":53},"end":{"line":45,"column":7}},"line":30}},"branchMap":{"0":{"loc":{"start":{"line":30,"column":8},"end":{"line":30,"column":40}},"type":"binary-expr","locations":[{"start":{"line":30,"column":8},"end":{"line":30,"column":36}},{"start":{"line":30,"column":36},"end":{"line":30,"column":40}}],"line":30},"1":{"loc":{"start":{"line":40,"column":15},"end":{"line":40,"column":null}},"type":"cond-expr","locations":[{"start":{"line":40,"column":31},"end":{"line":40,"column":null}},{"start":{"line":40,"column":103},"end":{"line":40,"column":null}}],"line":40}},"s":{"0":4,"1":12,"2":4,"3":4,"4":4,"5":1,"6":12,"7":12,"8":12},"f":{"0":4,"1":12,"2":1,"3":12},"b":{"0":[4,0],"1":[4,8]},"meta":{"lastBranch":2,"lastFunction":4,"lastStatement":9,"seen":{"f:7:16:7:27":0,"s:14:8:20:Infinity":0,"f:19:4:19:21":1,"s:19:29:19:Infinity":1,"s:21:20:21:Infinity":2,"s:22:20:22:Infinity":3,"s:24:2:46:Infinity":4,"f:27:6:27:18":2,"s:27:59:27:Infinity":5,"b:30:8:30:36:30:36:30:40":0,"f:30:40:30:45":3,"s:31:27:31:Infinity":6,"s:32:22:32:Infinity":7,"s:33:8:43:Infinity":8,"b:40:31:40:Infinity:40:103:40:Infinity":1}}}
,"/Users/user/Desktop/@interactive-os/apg-patterns/demo/src/Slider.tsx": {"path":"/Users/user/Desktop/@interactive-os/apg-patterns/demo/src/Slider.tsx","statementMap":{"0":{"start":{"line":8,"column":48},"end":{"line":12,"column":null}},"1":{"start":{"line":23,"column":8},"end":{"line":29,"column":null}},"2":{"start":{"line":28,"column":29},"end":{"line":28,"column":null}},"3":{"start":{"line":30,"column":19},"end":{"line":30,"column":null}},"4":{"start":{"line":31,"column":2},"end":{"line":31,"column":null}},"5":{"start":{"line":31,"column":29},"end":{"line":31,"column":null}},"6":{"start":{"line":33,"column":22},"end":{"line":33,"column":null}},"7":{"start":{"line":36,"column":8},"end":{"line":41,"column":null}},"8":{"start":{"line":36,"column":34},"end":{"line":41,"column":null}},"9":{"start":{"line":37,"column":19},"end":{"line":37,"column":null}},"10":{"start":{"line":38,"column":4},"end":{"line":38,"column":null}},"11":{"start":{"line":38,"column":17},"end":{"line":38,"column":null}},"12":{"start":{"line":39,"column":4},"end":{"line":39,"column":null}},"13":{"start":{"line":39,"column":31},"end":{"line":39,"column":null}},"14":{"start":{"line":40,"column":4},"end":{"line":40,"column":null}},"15":{"start":{"line":40,"column":36},"end":{"line":40,"column":null}},"16":{"start":{"line":43,"column":14},"end":{"line":43,"column":null}},"17":{"start":{"line":44,"column":14},"end":{"line":44,"column":null}},"18":{"start":{"line":45,"column":15},"end":{"line":45,"column":null}},"19":{"start":{"line":47,"column":23},"end":{"line":50,"column":null}},"20":{"start":{"line":48,"column":17},"end":{"line":48,"column":null}},"21":{"start":{"line":49,"column":4},"end":{"line":49,"column":null}},"22":{"start":{"line":53,"column":2},"end":{"line":55,"column":null}},"23":{"start":{"line":54,"column":4},"end":{"line":54,"column":null}},"24":{"start":{"line":57,"column":25},"end":{"line":57,"column":null}},"25":{"start":{"line":59,"column":2},"end":{"line":76,"column":null}},"26":{"start":{"line":62,"column":8},"end":{"line":74,"column":null}},"27":{"start":{"line":103,"column":2},"end":{"line":103,"column":null}},"28":{"start":{"line":104,"column":41},"end":{"line":104,"column":null}},"29":{"start":{"line":105,"column":16},"end":{"line":105,"column":null}},"30":{"start":{"line":106,"column":19},"end":{"line":106,"column":null}},"31":{"start":{"line":107,"column":15},"end":{"line":107,"column":null}},"32":{"start":{"line":108,"column":21},"end":{"line":108,"column":null}},"33":{"start":{"line":110,"column":21},"end":{"line":110,"column":null}},"34":{"start":{"line":112,"column":8},"end":{"line":120,"column":null}},"35":{"start":{"line":113,"column":17},"end":{"line":113,"column":null}},"36":{"start":{"line":114,"column":18},"end":{"line":116,"column":null}},"37":{"start":{"line":117,"column":16},"end":{"line":117,"column":null}},"38":{"start":{"line":118,"column":17},"end":{"line":118,"column":null}},"39":{"start":{"line":119,"column":4},"end":{"line":119,"column":null}},"40":{"start":{"line":122,"column":8},"end":{"line":125,"column":null}},"41":{"start":{"line":123,"column":4},"end":{"line":123,"column":null}},"42":{"start":{"line":124,"column":4},"end":{"line":124,"column":null}},"43":{"start":{"line":127,"column":2},"end":{"line":179,"column":null}},"44":{"start":{"line":131,"column":21},"end":{"line":131,"column":null}},"45":{"start":{"line":143,"column":12},"end":{"line":143,"column":null}},"46":{"start":{"line":144,"column":12},"end":{"line":144,"column":null}},"47":{"start":{"line":145,"column":12},"end":{"line":145,"column":null}},"48":{"start":{"line":148,"column":12},"end":{"line":148,"column":null}},"49":{"start":{"line":148,"column":37},"end":{"line":148,"column":null}},"50":{"start":{"line":149,"column":12},"end":{"line":149,"column":null}},"51":{"start":{"line":163,"column":12},"end":{"line":163,"column":null}},"52":{"start":{"line":164,"column":12},"end":{"line":164,"column":null}},"53":{"start":{"line":165,"column":12},"end":{"line":165,"column":null}},"54":{"start":{"line":168,"column":12},"end":{"line":168,"column":null}},"55":{"start":{"line":168,"column":37},"end":{"line":168,"column":null}},"56":{"start":{"line":169,"column":12},"end":{"line":169,"column":null}}},"fnMap":{"0":{"name":"Slider","decl":{"start":{"line":14,"column":16},"end":{"line":14,"column":23}},"loc":{"start":{"line":22,"column":3},"end":{"line":78,"column":null}},"line":22},"1":{"name":"(anonymous_1)","decl":{"start":{"line":28,"column":4},"end":{"line":28,"column":21}},"loc":{"start":{"line":28,"column":29},"end":{"line":28,"column":null}},"line":28},"2":{"name":"(anonymous_2)","decl":{"start":{"line":36,"column":8},"end":{"line":36,"column":34}},"loc":{"start":{"line":36,"column":34},"end":{"line":41,"column":null}},"line":36},"3":{"name":"(anonymous_3)","decl":{"start":{"line":36,"column":34},"end":{"line":36,"column":48}},"loc":{"start":{"line":36,"column":102},"end":{"line":41,"column":null}},"line":36},"4":{"name":"(anonymous_4)","decl":{"start":{"line":47,"column":56},"end":{"line":47,"column":63}},"loc":{"start":{"line":47,"column":69},"end":{"line":50,"column":3}},"line":47},"5":{"name":"(anonymous_5)","decl":{"start":{"line":61,"column":16},"end":{"line":61,"column":21}},"loc":{"start":{"line":62,"column":8},"end":{"line":74,"column":null}},"line":62},"6":{"name":"ThumbSlider","decl":{"start":{"line":80,"column":9},"end":{"line":80,"column":21}},"loc":{"start":{"line":102,"column":3},"end":{"line":181,"column":null}},"line":102},"7":{"name":"(anonymous_7)","decl":{"start":{"line":112,"column":8},"end":{"line":112,"column":29}},"loc":{"start":{"line":112,"column":66},"end":{"line":120,"column":null}},"line":112},"8":{"name":"(anonymous_8)","decl":{"start":{"line":122,"column":8},"end":{"line":122,"column":25}},"loc":{"start":{"line":122,"column":66},"end":{"line":125,"column":null}},"line":122},"9":{"name":"(anonymous_9)","decl":{"start":{"line":131,"column":6},"end":{"line":131,"column":21}},"loc":{"start":{"line":131,"column":21},"end":{"line":131,"column":null}},"line":131},"10":{"name":"(anonymous_10)","decl":{"start":{"line":142,"column":10},"end":{"line":142,"column":26}},"loc":{"start":{"line":142,"column":36},"end":{"line":146,"column":null}},"line":142},"11":{"name":"(anonymous_11)","decl":{"start":{"line":147,"column":10},"end":{"line":147,"column":26}},"loc":{"start":{"line":147,"column":36},"end":{"line":150,"column":null}},"line":147},"12":{"name":"(anonymous_12)","decl":{"start":{"line":162,"column":10},"end":{"line":162,"column":26}},"loc":{"start":{"line":162,"column":36},"end":{"line":166,"column":null}},"line":162},"13":{"name":"(anonymous_13)","decl":{"start":{"line":167,"column":10},"end":{"line":167,"column":26}},"loc":{"start":{"line":167,"column":36},"end":{"line":170,"column":null}},"line":167}},"branchMap":{"0":{"loc":{"start":{"line":30,"column":19},"end":{"line":30,"column":null}},"type":"binary-expr","locations":[{"start":{"line":30,"column":19},"end":{"line":30,"column":47}},{"start":{"line":30,"column":47},"end":{"line":30,"column":null}}],"line":30},"1":{"loc":{"start":{"line":31,"column":2},"end":{"line":31,"column":null}},"type":"if","locations":[{"start":{"line":31,"column":2},"end":{"line":31,"column":null}},{"start":{},"end":{}}],"line":31},"2":{"loc":{"start":{"line":33,"column":22},"end":{"line":33,"column":null}},"type":"cond-expr","locations":[{"start":{"line":33,"column":59},"end":{"line":33,"column":72}},{"start":{"line":33,"column":72},"end":{"line":33,"column":null}}],"line":33},"3":{"loc":{"start":{"line":38,"column":4},"end":{"line":38,"column":null}},"type":"if","locations":[{"start":{"line":38,"column":4},"end":{"line":38,"column":null}},{"start":{},"end":{}}],"line":38},"4":{"loc":{"start":{"line":39,"column":4},"end":{"line":39,"column":null}},"type":"if","locations":[{"start":{"line":39,"column":4},"end":{"line":39,"column":null}},{"start":{},"end":{}}],"line":39},"5":{"loc":{"start":{"line":43,"column":21},"end":{"line":43,"column":37}},"type":"binary-expr","locations":[{"start":{"line":43,"column":21},"end":{"line":43,"column":36}},{"start":{"line":43,"column":36},"end":{"line":43,"column":37}}],"line":43},"6":{"loc":{"start":{"line":44,"column":21},"end":{"line":44,"column":39}},"type":"binary-expr","locations":[{"start":{"line":44,"column":21},"end":{"line":44,"column":36}},{"start":{"line":44,"column":36},"end":{"line":44,"column":39}}],"line":44},"7":{"loc":{"start":{"line":45,"column":22},"end":{"line":45,"column":39}},"type":"binary-expr","locations":[{"start":{"line":45,"column":22},"end":{"line":45,"column":38}},{"start":{"line":45,"column":38},"end":{"line":45,"column":39}}],"line":45},"8":{"loc":{"start":{"line":47,"column":23},"end":{"line":50,"column":null}},"type":"binary-expr","locations":[{"start":{"line":47,"column":23},"end":{"line":47,"column":47}},{"start":{"line":47,"column":47},"end":{"line":50,"column":null}}],"line":47},"9":{"loc":{"start":{"line":49,"column":11},"end":{"line":49,"column":null}},"type":"binary-expr","locations":[{"start":{"line":49,"column":11},"end":{"line":49,"column":49}},{"start":{"line":49,"column":49},"end":{"line":49,"column":null}}],"line":49},"10":{"loc":{"start":{"line":53,"column":2},"end":{"line":55,"column":null}},"type":"if","locations":[{"start":{"line":53,"column":2},"end":{"line":55,"column":null}},{"start":{},"end":{}}],"line":53},"11":{"loc":{"start":{"line":57,"column":25},"end":{"line":57,"column":null}},"type":"cond-expr","locations":[{"start":{"line":57,"column":47},"end":{"line":57,"column":71}},{"start":{"line":57,"column":71},"end":{"line":57,"column":null}}],"line":57},"12":{"loc":{"start":{"line":105,"column":23},"end":{"line":105,"column":64}},"type":"binary-expr","locations":[{"start":{"line":105,"column":23},"end":{"line":105,"column":61}},{"start":{"line":105,"column":61},"end":{"line":105,"column":64}}],"line":105},"13":{"loc":{"start":{"line":106,"column":19},"end":{"line":106,"column":null}},"type":"cond-expr","locations":[{"start":{"line":106,"column":33},"end":{"line":106,"column":39}},{"start":{"line":106,"column":33},"end":{"line":106,"column":null}}],"line":106},"14":{"loc":{"start":{"line":114,"column":18},"end":{"line":116,"column":null}},"type":"cond-expr","locations":[{"start":{"line":115,"column":8},"end":{"line":115,"column":null}},{"start":{"line":116,"column":8},"end":{"line":116,"column":null}}],"line":114},"15":{"loc":{"start":{"line":115,"column":8},"end":{"line":115,"column":null}},"type":"cond-expr","locations":[{"start":{"line":115,"column":27},"end":{"line":115,"column":31}},{"start":{"line":115,"column":31},"end":{"line":115,"column":null}}],"line":115},"16":{"loc":{"start":{"line":116,"column":8},"end":{"line":116,"column":null}},"type":"cond-expr","locations":[{"start":{"line":116,"column":26},"end":{"line":116,"column":30}},{"start":{"line":116,"column":30},"end":{"line":116,"column":null}}],"line":116},"17":{"loc":{"start":{"line":136,"column":15},"end":{"line":136,"column":40}},"type":"binary-expr","locations":[{"start":{"line":136,"column":15},"end":{"line":136,"column":28}},{"start":{"line":136,"column":28},"end":{"line":136,"column":40}}],"line":136},"18":{"loc":{"start":{"line":138,"column":7},"end":{"line":179,"column":null}},"type":"cond-expr","locations":[{"start":{"line":139,"column":8},"end":{"line":159,"column":9}},{"start":{"line":159,"column":8},"end":{"line":179,"column":null}}],"line":138},"19":{"loc":{"start":{"line":148,"column":12},"end":{"line":148,"column":null}},"type":"if","locations":[{"start":{"line":148,"column":12},"end":{"line":148,"column":null}},{"start":{},"end":{}}],"line":148},"20":{"loc":{"start":{"line":154,"column":167},"end":{"line":154,"column":null}},"type":"binary-expr","locations":[{"start":{"line":154,"column":167},"end":{"line":154,"column":204}},{"start":{"line":154,"column":204},"end":{"line":154,"column":null}}],"line":154},"21":{"loc":{"start":{"line":168,"column":12},"end":{"line":168,"column":null}},"type":"if","locations":[{"start":{"line":168,"column":12},"end":{"line":168,"column":null}},{"start":{},"end":{}}],"line":168},"22":{"loc":{"start":{"line":172,"column":63},"end":{"line":172,"column":134}},"type":"binary-expr","locations":[{"start":{"line":172,"column":63},"end":{"line":172,"column":100}},{"start":{"line":172,"column":100},"end":{"line":172,"column":134}}],"line":172}},"s":{"0":1,"1":25,"2":35,"3":25,"4":25,"5":0,"6":25,"7":25,"8":28,"9":11,"10":11,"11":0,"12":11,"13":11,"14":11,"15":11,"16":25,"17":25,"18":25,"19":25,"20":11,"21":11,"22":25,"23":4,"24":21,"25":25,"26":27,"27":27,"28":27,"29":27,"30":27,"31":27,"32":27,"33":27,"34":27,"35":1,"36":1,"37":1,"38":1,"39":1,"40":27,"41":10,"42":10,"43":27,"44":1,"45":0,"46":0,"47":0,"48":0,"49":0,"50":0,"51":1,"52":1,"53":1,"54":0,"55":0,"56":0},"f":{"0":25,"1":35,"2":28,"3":11,"4":11,"5":27,"6":27,"7":1,"8":10,"9":1,"10":0,"11":0,"12":1,"13":0},"b":{"0":[25,0],"1":[0,25],"2":[2,23],"3":[0,11],"4":[11,0],"5":[25,0],"6":[25,0],"7":[25,0],"8":[25,7],"9":[11,3],"10":[4,21],"11":[3,18],"12":[27,0],"13":[0,27],"14":[0,1],"15":[0,0],"16":[0,1],"17":[27,21],"18":[2,25],"19":[0,0],"20":[2,2],"21":[0,0],"22":[25,16]},"meta":{"lastBranch":23,"lastFunction":14,"lastStatement":57,"seen":{"s:8:48:12:Infinity":0,"f:14:16:14:23":0,"s:23:8:29:Infinity":1,"f:28:4:28:21":1,"s:28:29:28:Infinity":2,"s:30:19:30:Infinity":3,"b:30:19:30:47:30:47:30:Infinity":0,"b:31:2:31:Infinity:undefined:undefined:undefined:undefined":1,"s:31:2:31:Infinity":4,"s:31:29:31:Infinity":5,"s:33:22:33:Infinity":6,"b:33:59:33:72:33:72:33:Infinity":2,"s:36:8:41:Infinity":7,"f:36:8:36:34":2,"s:36:34:41:Infinity":8,"f:36:34:36:48":3,"s:37:19:37:Infinity":9,"b:38:4:38:Infinity:undefined:undefined:undefined:undefined":3,"s:38:4:38:Infinity":10,"s:38:17:38:Infinity":11,"b:39:4:39:Infinity:undefined:undefined:undefined:undefined":4,"s:39:4:39:Infinity":12,"s:39:31:39:Infinity":13,"s:40:4:40:Infinity":14,"s:40:36:40:Infinity":15,"s:43:14:43:Infinity":16,"b:43:21:43:36:43:36:43:37":5,"s:44:14:44:Infinity":17,"b:44:21:44:36:44:36:44:39":6,"s:45:15:45:Infinity":18,"b:45:22:45:38:45:38:45:39":7,"s:47:23:50:Infinity":19,"b:47:23:47:47:47:47:50:Infinity":8,"f:47:56:47:63":4,"s:48:17:48:Infinity":20,"s:49:4:49:Infinity":21,"b:49:11:49:49:49:49:49:Infinity":9,"b:53:2:55:Infinity:undefined:undefined:undefined:undefined":10,"s:53:2:55:Infinity":22,"s:54:4:54:Infinity":23,"s:57:25:57:Infinity":24,"b:57:47:57:71:57:71:57:Infinity":11,"s:59:2:76:Infinity":25,"f:61:16:61:21":5,"s:62:8:74:Infinity":26,"f:80:9:80:21":6,"s:103:2:103:Infinity":27,"s:104:41:104:Infinity":28,"s:105:16:105:Infinity":29,"b:105:23:105:61:105:61:105:64":12,"s:106:19:106:Infinity":30,"b:106:33:106:39:106:33:106:Infinity":13,"s:107:15:107:Infinity":31,"s:108:21:108:Infinity":32,"s:110:21:110:Infinity":33,"s:112:8:120:Infinity":34,"f:112:8:112:29":7,"s:113:17:113:Infinity":35,"s:114:18:116:Infinity":36,"b:115:8:115:Infinity:116:8:116:Infinity":14,"b:115:27:115:31:115:31:115:Infinity":15,"b:116:26:116:30:116:30:116:Infinity":16,"s:117:16:117:Infinity":37,"s:118:17:118:Infinity":38,"s:119:4:119:Infinity":39,"s:122:8:125:Infinity":40,"f:122:8:122:25":8,"s:123:4:123:Infinity":41,"s:124:4:124:Infinity":42,"s:127:2:179:Infinity":43,"f:131:6:131:21":9,"s:131:21:131:Infinity":44,"b:136:15:136:28:136:28:136:40":17,"b:139:8:159:9:159:8:179:Infinity":18,"f:142:10:142:26":10,"s:143:12:143:Infinity":45,"s:144:12:144:Infinity":46,"s:145:12:145:Infinity":47,"f:147:10:147:26":11,"b:148:12:148:Infinity:undefined:undefined:undefined:undefined":19,"s:148:12:148:Infinity":48,"s:148:37:148:Infinity":49,"s:149:12:149:Infinity":50,"b:154:167:154:204:154:204:154:Infinity":20,"f:162:10:162:26":12,"s:163:12:163:Infinity":51,"s:164:12:164:Infinity":52,"s:165:12:165:Infinity":53,"f:167:10:167:26":13,"b:168:12:168:Infinity:undefined:undefined:undefined:undefined":21,"s:168:12:168:Infinity":54,"s:168:37:168:Infinity":55,"s:169:12:169:Infinity":56,"b:172:63:172:100:172:100:172:134":22}}}
,"/Users/user/Desktop/@interactive-os/apg-patterns/demo/src/checkboxData.ts": {"path":"/Users/user/Desktop/@interactive-os/apg-patterns/demo/src/checkboxData.ts","statementMap":{"0":{"start":{"line":13,"column":24},"end":{"line":25,"column":null}},"1":{"start":{"line":27,"column":24},"end":{"line":42,"column":null}},"2":{"start":{"line":45,"column":19},"end":{"line":45,"column":null}},"3":{"start":{"line":46,"column":2},"end":{"line":46,"column":null}},"4":{"start":{"line":46,"column":29},"end":{"line":46,"column":null}},"5":{"start":{"line":47,"column":18},"end":{"line":47,"column":null}},"6":{"start":{"line":48,"column":17},"end":{"line":48,"column":null}},"7":{"start":{"line":48,"column":37},"end":{"line":48,"column":47}},"8":{"start":{"line":49,"column":18},"end":{"line":49,"column":null}},"9":{"start":{"line":49,"column":38},"end":{"line":49,"column":48}},"10":{"start":{"line":50,"column":19},"end":{"line":50,"column":null}},"11":{"start":{"line":50,"column":39},"end":{"line":50,"column":69}},"12":{"start":{"line":51,"column":36},"end":{"line":51,"column":null}},"13":{"start":{"line":52,"column":2},"end":{"line":52,"column":null}},"14":{"start":{"line":57,"column":2},"end":{"line":65,"column":null}},"15":{"start":{"line":58,"column":21},"end":{"line":58,"column":null}},"16":{"start":{"line":59,"column":20},"end":{"line":59,"column":null}},"17":{"start":{"line":60,"column":24},"end":{"line":60,"column":null}},"18":{"start":{"line":61,"column":22},"end":{"line":61,"column":null}},"19":{"start":{"line":62,"column":4},"end":{"line":62,"column":null}},"20":{"start":{"line":62,"column":30},"end":{"line":62,"column":null}},"21":{"start":{"line":63,"column":4},"end":{"line":63,"column":null}},"22":{"start":{"line":64,"column":4},"end":{"line":64,"column":null}},"23":{"start":{"line":66,"column":8},"end":{"line":66,"column":null}},"24":{"start":{"line":67,"column":2},"end":{"line":67,"column":null}},"25":{"start":{"line":70,"column":77},"end":{"line":84,"column":null}},"26":{"start":{"line":75,"column":19},"end":{"line":75,"column":null}},"27":{"start":{"line":86,"column":91},"end":{"line":89,"column":null}},"28":{"start":{"line":92,"column":35},"end":{"line":92,"column":null}},"29":{"start":{"line":94,"column":2},"end":{"line":94,"column":null}}},"fnMap":{"0":{"name":"syncTriState","decl":{"start":{"line":44,"column":9},"end":{"line":44,"column":22}},"loc":{"start":{"line":44,"column":54},"end":{"line":53,"column":null}},"line":44},"1":{"name":"(anonymous_1)","decl":{"start":{"line":48,"column":26},"end":{"line":48,"column":31}},"loc":{"start":{"line":48,"column":37},"end":{"line":48,"column":47}},"line":48},"2":{"name":"(anonymous_2)","decl":{"start":{"line":49,"column":25},"end":{"line":49,"column":32}},"loc":{"start":{"line":49,"column":38},"end":{"line":49,"column":48}},"line":49},"3":{"name":"(anonymous_3)","decl":{"start":{"line":50,"column":26},"end":{"line":50,"column":33}},"loc":{"start":{"line":50,"column":39},"end":{"line":50,"column":69}},"line":50},"4":{"name":"reduceTriState","decl":{"start":{"line":55,"column":9},"end":{"line":55,"column":24}},"loc":{"start":{"line":55,"column":77},"end":{"line":68,"column":null}},"line":55},"5":{"name":"(anonymous_5)","decl":{"start":{"line":75,"column":4},"end":{"line":75,"column":13}},"loc":{"start":{"line":75,"column":19},"end":{"line":75,"column":null}},"line":75},"6":{"name":"reduceCheckboxData","decl":{"start":{"line":93,"column":16},"end":{"line":93,"column":35}},"loc":{"start":{"line":93,"column":88},"end":{"line":95,"column":null}},"line":93}},"branchMap":{"0":{"loc":{"start":{"line":45,"column":19},"end":{"line":45,"column":null}},"type":"binary-expr","locations":[{"start":{"line":45,"column":19},"end":{"line":45,"column":60}},{"start":{"line":45,"column":60},"end":{"line":45,"column":null}}],"line":45},"1":{"loc":{"start":{"line":46,"column":2},"end":{"line":46,"column":null}},"type":"if","locations":[{"start":{"line":46,"column":2},"end":{"line":46,"column":null}},{"start":{},"end":{}}],"line":46},"2":{"loc":{"start":{"line":47,"column":18},"end":{"line":47,"column":null}},"type":"binary-expr","locations":[{"start":{"line":47,"column":18},"end":{"line":47,"column":46}},{"start":{"line":47,"column":46},"end":{"line":47,"column":null}}],"line":47},"3":{"loc":{"start":{"line":50,"column":39},"end":{"line":50,"column":69}},"type":"binary-expr","locations":[{"start":{"line":50,"column":39},"end":{"line":50,"column":54}},{"start":{"line":50,"column":54},"end":{"line":50,"column":69}}],"line":50},"4":{"loc":{"start":{"line":51,"column":36},"end":{"line":51,"column":null}},"type":"cond-expr","locations":[{"start":{"line":51,"column":46},"end":{"line":51,"column":53}},{"start":{"line":51,"column":53},"end":{"line":51,"column":null}}],"line":51},"5":{"loc":{"start":{"line":51,"column":53},"end":{"line":51,"column":null}},"type":"cond-expr","locations":[{"start":{"line":51,"column":64},"end":{"line":51,"column":72}},{"start":{"line":51,"column":72},"end":{"line":51,"column":null}}],"line":51},"6":{"loc":{"start":{"line":57,"column":2},"end":{"line":65,"column":null}},"type":"if","locations":[{"start":{"line":57,"column":2},"end":{"line":65,"column":null}},{"start":{},"end":{}}],"line":57},"7":{"loc":{"start":{"line":57,"column":6},"end":{"line":57,"column":56}},"type":"binary-expr","locations":[{"start":{"line":57,"column":6},"end":{"line":57,"column":32}},{"start":{"line":57,"column":32},"end":{"line":57,"column":56}}],"line":57},"8":{"loc":{"start":{"line":58,"column":21},"end":{"line":58,"column":null}},"type":"binary-expr","locations":[{"start":{"line":58,"column":21},"end":{"line":58,"column":62}},{"start":{"line":58,"column":62},"end":{"line":58,"column":null}}],"line":58},"9":{"loc":{"start":{"line":60,"column":24},"end":{"line":60,"column":null}},"type":"cond-expr","locations":[{"start":{"line":60,"column":43},"end":{"line":60,"column":51}},{"start":{"line":60,"column":51},"end":{"line":60,"column":null}}],"line":60},"10":{"loc":{"start":{"line":61,"column":28},"end":{"line":61,"column":60}},"type":"binary-expr","locations":[{"start":{"line":61,"column":28},"end":{"line":61,"column":56}},{"start":{"line":61,"column":56},"end":{"line":61,"column":60}}],"line":61},"11":{"loc":{"start":{"line":67,"column":9},"end":{"line":67,"column":null}},"type":"cond-expr","locations":[{"start":{"line":67,"column":34},"end":{"line":67,"column":55}},{"start":{"line":67,"column":55},"end":{"line":67,"column":null}}],"line":67}},"s":{"0":1,"1":1,"2":6,"3":6,"4":0,"5":6,"6":6,"7":12,"8":6,"9":12,"10":6,"11":6,"12":6,"13":6,"14":8,"15":2,"16":2,"17":2,"18":2,"19":2,"20":4,"21":2,"22":2,"23":6,"24":6,"25":1,"26":0,"27":1,"28":1,"29":3},"f":{"0":6,"1":12,"2":12,"3":6,"4":8,"5":0,"6":3},"b":{"0":[6,0],"1":[0,6],"2":[6,0],"3":[6,6],"4":[2,4],"5":[0,4],"6":[2,6],"7":[8,8],"8":[2,0],"9":[1,1],"10":[2,0],"11":[6,0]},"meta":{"lastBranch":12,"lastFunction":7,"lastStatement":30,"seen":{"s:13:24:25:Infinity":0,"s:27:24:42:Infinity":1,"f:44:9:44:22":0,"s:45:19:45:Infinity":2,"b:45:19:45:60:45:60:45:Infinity":0,"b:46:2:46:Infinity:undefined:undefined:undefined:undefined":1,"s:46:2:46:Infinity":3,"s:46:29:46:Infinity":4,"s:47:18:47:Infinity":5,"b:47:18:47:46:47:46:47:Infinity":2,"s:48:17:48:Infinity":6,"f:48:26:48:31":1,"s:48:37:48:47":7,"s:49:18:49:Infinity":8,"f:49:25:49:32":2,"s:49:38:49:48":9,"s:50:19:50:Infinity":10,"f:50:26:50:33":3,"s:50:39:50:69":11,"b:50:39:50:54:50:54:50:69":3,"s:51:36:51:Infinity":12,"b:51:46:51:53:51:53:51:Infinity":4,"b:51:64:51:72:51:72:51:Infinity":5,"s:52:2:52:Infinity":13,"f:55:9:55:24":4,"b:57:2:65:Infinity:undefined:undefined:undefined:undefined":6,"s:57:2:65:Infinity":14,"b:57:6:57:32:57:32:57:56":7,"s:58:21:58:Infinity":15,"b:58:21:58:62:58:62:58:Infinity":8,"s:59:20:59:Infinity":16,"s:60:24:60:Infinity":17,"b:60:43:60:51:60:51:60:Infinity":9,"s:61:22:61:Infinity":18,"b:61:28:61:56:61:56:61:60":10,"s:62:4:62:Infinity":19,"s:62:30:62:Infinity":20,"s:63:4:63:Infinity":21,"s:64:4:64:Infinity":22,"s:66:8:66:Infinity":23,"s:67:2:67:Infinity":24,"b:67:34:67:55:67:55:67:Infinity":11,"s:70:77:84:Infinity":25,"f:75:4:75:13":5,"s:75:19:75:Infinity":26,"s:86:91:89:Infinity":27,"s:92:35:92:Infinity":28,"f:93:16:93:35":6,"s:94:2:94:Infinity":29}}}
,"/Users/user/Desktop/@interactive-os/apg-patterns/demo/src/radioData.ts": {"path":"/Users/user/Desktop/@interactive-os/apg-patterns/demo/src/radioData.ts","statementMap":{"0":{"start":{"line":3,"column":32},"end":{"line":20,"column":null}},"1":{"start":{"line":23,"column":8},"end":{"line":23,"column":null}},"2":{"start":{"line":24,"column":2},"end":{"line":26,"column":null}},"3":{"start":{"line":25,"column":4},"end":{"line":25,"column":null}},"4":{"start":{"line":27,"column":2},"end":{"line":27,"column":null}}},"fnMap":{"0":{"name":"reduceRadioData","decl":{"start":{"line":22,"column":16},"end":{"line":22,"column":32}},"loc":{"start":{"line":22,"column":85},"end":{"line":28,"column":null}},"line":22}},"branchMap":{"0":{"loc":{"start":{"line":24,"column":2},"end":{"line":26,"column":null}},"type":"if","locations":[{"start":{"line":24,"column":2},"end":{"line":26,"column":null}},{"start":{},"end":{}}],"line":24},"1":{"loc":{"start":{"line":24,"column":6},"end":{"line":24,"column":58}},"type":"binary-expr","locations":[{"start":{"line":24,"column":6},"end":{"line":24,"column":35}},{"start":{"line":24,"column":35},"end":{"line":24,"column":58}}],"line":24}},"s":{"0":1,"1":3,"2":3,"3":1,"4":2},"f":{"0":3},"b":{"0":[1,2],"1":[3,1]},"meta":{"lastBranch":2,"lastFunction":1,"lastStatement":5,"seen":{"s:3:32:20:Infinity":0,"f:22:16:22:32":0,"s:23:8:23:Infinity":1,"b:24:2:26:Infinity:undefined:undefined:undefined:undefined":0,"s:24:2:26:Infinity":2,"b:24:6:24:35:24:35:24:58":1,"s:25:4:25:Infinity":3,"s:27:2:27:Infinity":4}}}
,"/Users/user/Desktop/@interactive-os/apg-patterns/demo/src/sliderData.ts": {"path":"/Users/user/Desktop/@interactive-os/apg-patterns/demo/src/sliderData.ts","statementMap":{"0":{"start":{"line":14,"column":6},"end":{"line":19,"column":null}},"1":{"start":{"line":15,"column":16},"end":{"line":15,"column":null}},"2":{"start":{"line":16,"column":12},"end":{"line":16,"column":null}},"3":{"start":{"line":17,"column":12},"end":{"line":17,"column":null}},"4":{"start":{"line":18,"column":2},"end":{"line":18,"column":null}},"5":{"start":{"line":21,"column":21},"end":{"line":25,"column":null}},"6":{"start":{"line":27,"column":6},"end":{"line":27,"column":null}},"7":{"start":{"line":27,"column":35},"end":{"line":27,"column":null}},"8":{"start":{"line":29,"column":6},"end":{"line":29,"column":null}},"9":{"start":{"line":29,"column":33},"end":{"line":29,"column":null}},"10":{"start":{"line":32,"column":6},"end":{"line":44,"column":null}},"11":{"start":{"line":33,"column":2},"end":{"line":44,"column":null}},"12":{"start":{"line":47,"column":6},"end":{"line":52,"column":null}},"13":{"start":{"line":48,"column":2},"end":{"line":52,"column":null}},"14":{"start":{"line":55,"column":6},"end":{"line":60,"column":null}},"15":{"start":{"line":56,"column":2},"end":{"line":60,"column":null}},"16":{"start":{"line":63,"column":6},"end":{"line":68,"column":null}},"17":{"start":{"line":64,"column":2},"end":{"line":68,"column":null}},"18":{"start":{"line":71,"column":6},"end":{"line":82,"column":null}},"19":{"start":{"line":72,"column":2},"end":{"line":82,"column":null}},"20":{"start":{"line":91,"column":71},"end":{"line":122,"column":null}},"21":{"start":{"line":124,"column":34},"end":{"line":124,"column":null}},"22":{"start":{"line":124,"column":76},"end":{"line":124,"column":107}},"23":{"start":{"line":127,"column":33},"end":{"line":131,"column":null}},"24":{"start":{"line":132,"column":45},"end":{"line":138,"column":null}},"25":{"start":{"line":148,"column":6},"end":{"line":154,"column":null}},"26":{"start":{"line":149,"column":2},"end":{"line":149,"column":null}},"27":{"start":{"line":149,"column":33},"end":{"line":149,"column":null}},"28":{"start":{"line":150,"column":2},"end":{"line":150,"column":null}},"29":{"start":{"line":150,"column":33},"end":{"line":150,"column":null}},"30":{"start":{"line":151,"column":2},"end":{"line":151,"column":null}},"31":{"start":{"line":151,"column":38},"end":{"line":151,"column":null}},"32":{"start":{"line":152,"column":2},"end":{"line":152,"column":null}},"33":{"start":{"line":152,"column":38},"end":{"line":152,"column":null}},"34":{"start":{"line":153,"column":2},"end":{"line":153,"column":null}},"35":{"start":{"line":156,"column":6},"end":{"line":159,"column":null}},"36":{"start":{"line":157,"column":15},"end":{"line":157,"column":null}},"37":{"start":{"line":158,"column":2},"end":{"line":158,"column":null}},"38":{"start":{"line":161,"column":6},"end":{"line":169,"column":null}},"39":{"start":{"line":163,"column":15},"end":{"line":163,"column":null}},"40":{"start":{"line":164,"column":2},"end":{"line":164,"column":null}},"41":{"start":{"line":164,"column":24},"end":{"line":164,"column":null}},"42":{"start":{"line":165,"column":2},"end":{"line":165,"column":null}},"43":{"start":{"line":165,"column":22},"end":{"line":165,"column":null}},"44":{"start":{"line":166,"column":2},"end":{"line":166,"column":null}},"45":{"start":{"line":166,"column":24},"end":{"line":166,"column":null}},"46":{"start":{"line":167,"column":2},"end":{"line":167,"column":null}},"47":{"start":{"line":167,"column":22},"end":{"line":167,"column":null}},"48":{"start":{"line":168,"column":2},"end":{"line":168,"column":null}},"49":{"start":{"line":176,"column":2},"end":{"line":178,"column":null}},"50":{"start":{"line":177,"column":4},"end":{"line":177,"column":null}},"51":{"start":{"line":179,"column":2},"end":{"line":179,"column":null}},"52":{"start":{"line":179,"column":81},"end":{"line":179,"column":null}},"53":{"start":{"line":180,"column":19},"end":{"line":180,"column":null}},"54":{"start":{"line":181,"column":14},"end":{"line":181,"column":null}},"55":{"start":{"line":182,"column":21},"end":{"line":182,"column":null}},"56":{"start":{"line":183,"column":21},"end":{"line":183,"column":null}},"57":{"start":{"line":184,"column":15},"end":{"line":184,"column":null}},"58":{"start":{"line":185,"column":16},"end":{"line":185,"column":null}},"59":{"start":{"line":186,"column":21},"end":{"line":186,"column":null}},"60":{"start":{"line":187,"column":18},"end":{"line":187,"column":null}},"61":{"start":{"line":190,"column":2},"end":{"line":193,"column":null}},"62":{"start":{"line":190,"column":35},"end":{"line":190,"column":null}},"63":{"start":{"line":191,"column":7},"end":{"line":193,"column":null}},"64":{"start":{"line":191,"column":40},"end":{"line":191,"column":null}},"65":{"start":{"line":192,"column":7},"end":{"line":193,"column":null}},"66":{"start":{"line":192,"column":46},"end":{"line":192,"column":null}},"67":{"start":{"line":193,"column":7},"end":{"line":193,"column":null}},"68":{"start":{"line":195,"column":18},"end":{"line":195,"column":null}},"69":{"start":{"line":196,"column":2},"end":{"line":196,"column":null}},"70":{"start":{"line":196,"column":27},"end":{"line":196,"column":null}},"71":{"start":{"line":199,"column":21},"end":{"line":199,"column":null}},"72":{"start":{"line":200,"column":14},"end":{"line":200,"column":null}},"73":{"start":{"line":201,"column":2},"end":{"line":205,"column":null}},"74":{"start":{"line":202,"column":4},"end":{"line":202,"column":null}},"75":{"start":{"line":203,"column":9},"end":{"line":205,"column":null}},"76":{"start":{"line":204,"column":4},"end":{"line":204,"column":null}},"77":{"start":{"line":207,"column":15},"end":{"line":207,"column":null}},"78":{"start":{"line":208,"column":2},"end":{"line":210,"column":null}},"79":{"start":{"line":209,"column":4},"end":{"line":209,"column":null}},"80":{"start":{"line":212,"column":2},"end":{"line":216,"column":null}}},"fnMap":{"0":{"name":"(anonymous_0)","decl":{"start":{"line":14,"column":6},"end":{"line":14,"column":20}},"loc":{"start":{"line":14,"column":40},"end":{"line":19,"column":null}},"line":14},"1":{"name":"(anonymous_1)","decl":{"start":{"line":27,"column":6},"end":{"line":27,"column":21}},"loc":{"start":{"line":27,"column":35},"end":{"line":27,"column":null}},"line":27},"2":{"name":"(anonymous_2)","decl":{"start":{"line":29,"column":6},"end":{"line":29,"column":19}},"loc":{"start":{"line":29,"column":33},"end":{"line":29,"column":null}},"line":29},"3":{"name":"(anonymous_3)","decl":{"start":{"line":32,"column":6},"end":{"line":32,"column":null}},"loc":{"start":{"line":33,"column":2},"end":{"line":44,"column":null}},"line":33},"4":{"name":"(anonymous_4)","decl":{"start":{"line":47,"column":6},"end":{"line":47,"column":null}},"loc":{"start":{"line":48,"column":2},"end":{"line":52,"column":null}},"line":48},"5":{"name":"(anonymous_5)","decl":{"start":{"line":55,"column":6},"end":{"line":55,"column":null}},"loc":{"start":{"line":56,"column":2},"end":{"line":60,"column":null}},"line":56},"6":{"name":"(anonymous_6)","decl":{"start":{"line":63,"column":6},"end":{"line":63,"column":null}},"loc":{"start":{"line":64,"column":2},"end":{"line":68,"column":null}},"line":64},"7":{"name":"(anonymous_7)","decl":{"start":{"line":71,"column":6},"end":{"line":71,"column":null}},"loc":{"start":{"line":72,"column":2},"end":{"line":82,"column":null}},"line":72},"8":{"name":"(anonymous_8)","decl":{"start":{"line":124,"column":64},"end":{"line":124,"column":69}},"loc":{"start":{"line":124,"column":76},"end":{"line":124,"column":107}},"line":124},"9":{"name":"(anonymous_9)","decl":{"start":{"line":148,"column":6},"end":{"line":148,"column":22}},"loc":{"start":{"line":148,"column":82},"end":{"line":154,"column":null}},"line":148},"10":{"name":"(anonymous_10)","decl":{"start":{"line":156,"column":6},"end":{"line":156,"column":19}},"loc":{"start":{"line":156,"column":111},"end":{"line":159,"column":null}},"line":156},"11":{"name":"(anonymous_11)","decl":{"start":{"line":161,"column":6},"end":{"line":161,"column":22}},"loc":{"start":{"line":161,"column":88},"end":{"line":169,"column":null}},"line":161},"12":{"name":"reduceSliderData","decl":{"start":{"line":171,"column":16},"end":{"line":171,"column":null}},"loc":{"start":{"line":175,"column":15},"end":{"line":217,"column":null}},"line":175}},"branchMap":{"0":{"loc":{"start":{"line":149,"column":2},"end":{"line":149,"column":null}},"type":"if","locations":[{"start":{"line":149,"column":2},"end":{"line":149,"column":null}},{"start":{},"end":{}}],"line":149},"1":{"loc":{"start":{"line":150,"column":2},"end":{"line":150,"column":null}},"type":"if","locations":[{"start":{"line":150,"column":2},"end":{"line":150,"column":null}},{"start":{},"end":{}}],"line":150},"2":{"loc":{"start":{"line":151,"column":2},"end":{"line":151,"column":null}},"type":"if","locations":[{"start":{"line":151,"column":2},"end":{"line":151,"column":null}},{"start":{},"end":{}}],"line":151},"3":{"loc":{"start":{"line":152,"column":2},"end":{"line":152,"column":null}},"type":"if","locations":[{"start":{"line":152,"column":2},"end":{"line":152,"column":null}},{"start":{},"end":{}}],"line":152},"4":{"loc":{"start":{"line":158,"column":10},"end":{"line":158,"column":41}},"type":"binary-expr","locations":[{"start":{"line":158,"column":10},"end":{"line":158,"column":28}},{"start":{"line":158,"column":28},"end":{"line":158,"column":41}}],"line":158},"5":{"loc":{"start":{"line":158,"column":41},"end":{"line":158,"column":70}},"type":"binary-expr","locations":[{"start":{"line":158,"column":41},"end":{"line":158,"column":59}},{"start":{"line":158,"column":59},"end":{"line":158,"column":70}}],"line":158},"6":{"loc":{"start":{"line":164,"column":2},"end":{"line":164,"column":null}},"type":"if","locations":[{"start":{"line":164,"column":2},"end":{"line":164,"column":null}},{"start":{},"end":{}}],"line":164},"7":{"loc":{"start":{"line":165,"column":2},"end":{"line":165,"column":null}},"type":"if","locations":[{"start":{"line":165,"column":2},"end":{"line":165,"column":null}},{"start":{},"end":{}}],"line":165},"8":{"loc":{"start":{"line":166,"column":2},"end":{"line":166,"column":null}},"type":"if","locations":[{"start":{"line":166,"column":2},"end":{"line":166,"column":null}},{"start":{},"end":{}}],"line":166},"9":{"loc":{"start":{"line":167,"column":2},"end":{"line":167,"column":null}},"type":"if","locations":[{"start":{"line":167,"column":2},"end":{"line":167,"column":null}},{"start":{},"end":{}}],"line":167},"10":{"loc":{"start":{"line":174,"column":2},"end":{"line":174,"column":null}},"type":"default-arg","locations":[{"start":{"line":174,"column":28},"end":{"line":174,"column":null}}],"line":174},"11":{"loc":{"start":{"line":176,"column":2},"end":{"line":178,"column":null}},"type":"if","locations":[{"start":{"line":176,"column":2},"end":{"line":178,"column":null}},{"start":{},"end":{}}],"line":176},"12":{"loc":{"start":{"line":176,"column":6},"end":{"line":176,"column":43}},"type":"binary-expr","locations":[{"start":{"line":176,"column":6},"end":{"line":176,"column":32}},{"start":{"line":176,"column":32},"end":{"line":176,"column":43}}],"line":176},"13":{"loc":{"start":{"line":179,"column":2},"end":{"line":179,"column":null}},"type":"if","locations":[{"start":{"line":179,"column":2},"end":{"line":179,"column":null}},{"start":{},"end":{}}],"line":179},"14":{"loc":{"start":{"line":179,"column":6},"end":{"line":179,"column":81}},"type":"binary-expr","locations":[{"start":{"line":179,"column":6},"end":{"line":179,"column":36}},{"start":{"line":179,"column":36},"end":{"line":179,"column":69}},{"start":{"line":179,"column":69},"end":{"line":179,"column":81}}],"line":179},"15":{"loc":{"start":{"line":180,"column":19},"end":{"line":180,"column":null}},"type":"binary-expr","locations":[{"start":{"line":180,"column":19},"end":{"line":180,"column":36}},{"start":{"line":180,"column":36},"end":{"line":180,"column":null}}],"line":180},"16":{"loc":{"start":{"line":182,"column":28},"end":{"line":182,"column":44}},"type":"binary-expr","locations":[{"start":{"line":182,"column":28},"end":{"line":182,"column":43}},{"start":{"line":182,"column":43},"end":{"line":182,"column":44}}],"line":182},"17":{"loc":{"start":{"line":183,"column":28},"end":{"line":183,"column":46}},"type":"binary-expr","locations":[{"start":{"line":183,"column":28},"end":{"line":183,"column":43}},{"start":{"line":183,"column":43},"end":{"line":183,"column":46}}],"line":183},"18":{"loc":{"start":{"line":184,"column":22},"end":{"line":184,"column":39}},"type":"binary-expr","locations":[{"start":{"line":184,"column":22},"end":{"line":184,"column":38}},{"start":{"line":184,"column":38},"end":{"line":184,"column":39}}],"line":184},"19":{"loc":{"start":{"line":187,"column":25},"end":{"line":187,"column":61}},"type":"binary-expr","locations":[{"start":{"line":187,"column":25},"end":{"line":187,"column":58}},{"start":{"line":187,"column":58},"end":{"line":187,"column":61}}],"line":187},"20":{"loc":{"start":{"line":190,"column":2},"end":{"line":193,"column":null}},"type":"if","locations":[{"start":{"line":190,"column":2},"end":{"line":193,"column":null}},{"start":{"line":191,"column":7},"end":{"line":193,"column":null}}],"line":190},"21":{"loc":{"start":{"line":191,"column":7},"end":{"line":193,"column":null}},"type":"if","locations":[{"start":{"line":191,"column":7},"end":{"line":193,"column":null}},{"start":{"line":192,"column":7},"end":{"line":193,"column":null}}],"line":191},"22":{"loc":{"start":{"line":192,"column":7},"end":{"line":193,"column":null}},"type":"if","locations":[{"start":{"line":192,"column":7},"end":{"line":193,"column":null}},{"start":{"line":193,"column":7},"end":{"line":193,"column":null}}],"line":192},"23":{"loc":{"start":{"line":196,"column":2},"end":{"line":196,"column":null}},"type":"if","locations":[{"start":{"line":196,"column":2},"end":{"line":196,"column":null}},{"start":{},"end":{}}],"line":196},"24":{"loc":{"start":{"line":201,"column":2},"end":{"line":205,"column":null}},"type":"if","locations":[{"start":{"line":201,"column":2},"end":{"line":205,"column":null}},{"start":{"line":203,"column":9},"end":{"line":205,"column":null}}],"line":201},"25":{"loc":{"start":{"line":201,"column":6},"end":{"line":201,"column":103}},"type":"binary-expr","locations":[{"start":{"line":201,"column":6},"end":{"line":201,"column":23}},{"start":{"line":201,"column":23},"end":{"line":201,"column":36}},{"start":{"line":201,"column":36},"end":{"line":201,"column":103}}],"line":201},"26":{"loc":{"start":{"line":203,"column":9},"end":{"line":205,"column":null}},"type":"if","locations":[{"start":{"line":203,"column":9},"end":{"line":205,"column":null}},{"start":{},"end":{}}],"line":203},"27":{"loc":{"start":{"line":203,"column":13},"end":{"line":203,"column":110}},"type":"binary-expr","locations":[{"start":{"line":203,"column":13},"end":{"line":203,"column":30}},{"start":{"line":203,"column":30},"end":{"line":203,"column":43}},{"start":{"line":203,"column":43},"end":{"line":203,"column":110}}],"line":203},"28":{"loc":{"start":{"line":208,"column":2},"end":{"line":210,"column":null}},"type":"if","locations":[{"start":{"line":208,"column":2},"end":{"line":210,"column":null}},{"start":{},"end":{}}],"line":208}},"s":{"0":1,"1":2,"2":2,"3":2,"4":2,"5":1,"6":1,"7":2,"8":1,"9":2,"10":1,"11":1,"12":1,"13":1,"14":1,"15":1,"16":1,"17":1,"18":1,"19":1,"20":1,"21":1,"22":5,"23":1,"24":1,"25":1,"26":8,"27":5,"28":3,"29":0,"30":3,"31":2,"32":1,"33":1,"34":0,"35":1,"36":12,"37":12,"38":1,"39":12,"40":12,"41":9,"42":3,"43":3,"44":2,"45":2,"46":1,"47":1,"48":0,"49":24,"50":12,"51":12,"52":0,"53":12,"54":24,"55":24,"56":24,"57":24,"58":24,"59":24,"60":24,"61":24,"62":1,"63":11,"64":2,"65":9,"66":1,"67":8,"68":12,"69":12,"70":0,"71":12,"72":24,"73":24,"74":0,"75":12,"76":1,"77":12,"78":12,"79":3,"80":12},"f":{"0":2,"1":2,"2":2,"3":1,"4":1,"5":1,"6":1,"7":1,"8":5,"9":8,"10":12,"11":12,"12":24},"b":{"0":[5,3],"1":[0,3],"2":[2,1],"3":[1,0],"4":[12,11],"5":[12,11],"6":[9,3],"7":[1,2],"8":[1,1],"9":[1,0],"10":[24],"11":[12,12],"12":[24,12],"13":[0,12],"14":[12,12,12],"15":[12,0],"16":[24,0],"17":[24,0],"18":[24,0],"19":[24,0],"20":[1,11],"21":[2,9],"22":[1,8],"23":[0,12],"24":[0,12],"25":[24,0,0],"26":[1,11],"27":[12,1,1],"28":[3,9]},"meta":{"lastBranch":29,"lastFunction":13,"lastStatement":81,"seen":{"s:14:6:19:Infinity":0,"f:14:6:14:20":0,"s:15:16:15:Infinity":1,"s:16:12:16:Infinity":2,"s:17:12:17:Infinity":3,"s:18:2:18:Infinity":4,"s:21:21:25:Infinity":5,"s:27:6:27:Infinity":6,"f:27:6:27:21":1,"s:27:35:27:Infinity":7,"s:29:6:29:Infinity":8,"f:29:6:29:19":2,"s:29:33:29:Infinity":9,"s:32:6:44:Infinity":10,"f:32:6:32:Infinity":3,"s:33:2:44:Infinity":11,"s:47:6:52:Infinity":12,"f:47:6:47:Infinity":4,"s:48:2:52:Infinity":13,"s:55:6:60:Infinity":14,"f:55:6:55:Infinity":5,"s:56:2:60:Infinity":15,"s:63:6:68:Infinity":16,"f:63:6:63:Infinity":6,"s:64:2:68:Infinity":17,"s:71:6:82:Infinity":18,"f:71:6:71:Infinity":7,"s:72:2:82:Infinity":19,"s:91:71:122:Infinity":20,"s:124:34:124:Infinity":21,"f:124:64:124:69":8,"s:124:76:124:107":22,"s:127:33:131:Infinity":23,"s:132:45:138:Infinity":24,"s:148:6:154:Infinity":25,"f:148:6:148:22":9,"b:149:2:149:Infinity:undefined:undefined:undefined:undefined":0,"s:149:2:149:Infinity":26,"s:149:33:149:Infinity":27,"b:150:2:150:Infinity:undefined:undefined:undefined:undefined":1,"s:150:2:150:Infinity":28,"s:150:33:150:Infinity":29,"b:151:2:151:Infinity:undefined:undefined:undefined:undefined":2,"s:151:2:151:Infinity":30,"s:151:38:151:Infinity":31,"b:152:2:152:Infinity:undefined:undefined:undefined:undefined":3,"s:152:2:152:Infinity":32,"s:152:38:152:Infinity":33,"s:153:2:153:Infinity":34,"s:156:6:159:Infinity":35,"f:156:6:156:19":10,"s:157:15:157:Infinity":36,"s:158:2:158:Infinity":37,"b:158:10:158:28:158:28:158:41":4,"b:158:41:158:59:158:59:158:70":5,"s:161:6:169:Infinity":38,"f:161:6:161:22":11,"s:163:15:163:Infinity":39,"b:164:2:164:Infinity:undefined:undefined:undefined:undefined":6,"s:164:2:164:Infinity":40,"s:164:24:164:Infinity":41,"b:165:2:165:Infinity:undefined:undefined:undefined:undefined":7,"s:165:2:165:Infinity":42,"s:165:22:165:Infinity":43,"b:166:2:166:Infinity:undefined:undefined:undefined:undefined":8,"s:166:2:166:Infinity":44,"s:166:24:166:Infinity":45,"b:167:2:167:Infinity:undefined:undefined:undefined:undefined":9,"s:167:2:167:Infinity":46,"s:167:22:167:Infinity":47,"s:168:2:168:Infinity":48,"f:171:16:171:Infinity":12,"b:174:28:174:Infinity":10,"b:176:2:178:Infinity:undefined:undefined:undefined:undefined":11,"s:176:2:178:Infinity":49,"b:176:6:176:32:176:32:176:43":12,"s:177:4:177:Infinity":50,"b:179:2:179:Infinity:undefined:undefined:undefined:undefined":13,"s:179:2:179:Infinity":51,"b:179:6:179:36:179:36:179:69:179:69:179:81":14,"s:179:81:179:Infinity":52,"s:180:19:180:Infinity":53,"b:180:19:180:36:180:36:180:Infinity":15,"s:181:14:181:Infinity":54,"s:182:21:182:Infinity":55,"b:182:28:182:43:182:43:182:44":16,"s:183:21:183:Infinity":56,"b:183:28:183:43:183:43:183:46":17,"s:184:15:184:Infinity":57,"b:184:22:184:38:184:38:184:39":18,"s:185:16:185:Infinity":58,"s:186:21:186:Infinity":59,"s:187:18:187:Infinity":60,"b:187:25:187:58:187:58:187:61":19,"b:190:2:193:Infinity:191:7:193:Infinity":20,"s:190:2:193:Infinity":61,"s:190:35:190:Infinity":62,"b:191:7:193:Infinity:192:7:193:Infinity":21,"s:191:7:193:Infinity":63,"s:191:40:191:Infinity":64,"b:192:7:193:Infinity:193:7:193:Infinity":22,"s:192:7:193:Infinity":65,"s:192:46:192:Infinity":66,"s:193:7:193:Infinity":67,"s:195:18:195:Infinity":68,"b:196:2:196:Infinity:undefined:undefined:undefined:undefined":23,"s:196:2:196:Infinity":69,"s:196:27:196:Infinity":70,"s:199:21:199:Infinity":71,"s:200:14:200:Infinity":72,"b:201:2:205:Infinity:203:9:205:Infinity":24,"s:201:2:205:Infinity":73,"b:201:6:201:23:201:23:201:36:201:36:201:103":25,"s:202:4:202:Infinity":74,"b:203:9:205:Infinity:undefined:undefined:undefined:undefined":26,"s:203:9:205:Infinity":75,"b:203:13:203:30:203:30:203:43:203:43:203:110":27,"s:204:4:204:Infinity":76,"s:207:15:207:Infinity":77,"b:208:2:210:Infinity:undefined:undefined:undefined:undefined":28,"s:208:2:210:Infinity":78,"s:209:4:209:Infinity":79,"s:212:2:216:Infinity":80}}}
,"/Users/user/Desktop/@interactive-os/apg-patterns/src/index.ts": {"path":"/Users/user/Desktop/@interactive-os/apg-patterns/src/index.ts","statementMap":{},"fnMap":{},"branchMap":{},"s":{},"f":{},"b":{},"meta":{"lastBranch":0,"lastFunction":0,"lastStatement":0,"seen":{}}}
,"/Users/user/Desktop/@interactive-os/apg-patterns/src/jsonValueSchema.ts": {"path":"/Users/user/Desktop/@interactive-os/apg-patterns/src/jsonValueSchema.ts","statementMap":{"0":{"start":{"line":5,"column":53},"end":{"line":14,"column":null}},"1":{"start":{"line":6,"column":2},"end":{"line":13,"column":null}},"2":{"start":{"line":17,"column":2},"end":{"line":17,"column":null}},"3":{"start":{"line":17,"column":22},"end":{"line":17,"column":null}},"4":{"start":{"line":18,"column":15},"end":{"line":18,"column":null}},"5":{"start":{"line":19,"column":2},"end":{"line":19,"column":null}},"6":{"start":{"line":19,"column":47},"end":{"line":19,"column":null}},"7":{"start":{"line":20,"column":2},"end":{"line":20,"column":null}},"8":{"start":{"line":20,"column":25},"end":{"line":20,"column":null}},"9":{"start":{"line":21,"column":2},"end":{"line":21,"column":null}},"10":{"start":{"line":21,"column":28},"end":{"line":21,"column":null}},"11":{"start":{"line":22,"column":2},"end":{"line":22,"column":null}},"12":{"start":{"line":22,"column":29},"end":{"line":22,"column":null}},"13":{"start":{"line":23,"column":2},"end":{"line":23,"column":null}},"14":{"start":{"line":27,"column":2},"end":{"line":31,"column":null}},"15":{"start":{"line":39,"column":16},"end":{"line":39,"column":null}},"16":{"start":{"line":40,"column":2},"end":{"line":43,"column":null}},"17":{"start":{"line":41,"column":4},"end":{"line":41,"column":null}},"18":{"start":{"line":41,"column":24},"end":{"line":41,"column":null}},"19":{"start":{"line":42,"column":4},"end":{"line":42,"column":null}},"20":{"start":{"line":42,"column":34},"end":{"line":42,"column":null}},"21":{"start":{"line":47,"column":2},"end":{"line":47,"column":null}},"22":{"start":{"line":47,"column":51},"end":{"line":47,"column":null}},"23":{"start":{"line":48,"column":20},"end":{"line":48,"column":null}},"24":{"start":{"line":49,"column":2},"end":{"line":49,"column":null}}},"fnMap":{"0":{"name":"(anonymous_0)","decl":{"start":{"line":5,"column":55},"end":{"line":5,"column":null}},"loc":{"start":{"line":6,"column":2},"end":{"line":13,"column":null}},"line":6},"1":{"name":"isJsonValue","decl":{"start":{"line":16,"column":16},"end":{"line":16,"column":28}},"loc":{"start":{"line":16,"column":64},"end":{"line":24,"column":null}},"line":16},"2":{"name":"addJsonValueIssue","decl":{"start":{"line":26,"column":16},"end":{"line":26,"column":34}},"loc":{"start":{"line":26,"column":83},"end":{"line":32,"column":null}},"line":26},"3":{"name":"validateJsonExtensionFields","decl":{"start":{"line":34,"column":16},"end":{"line":34,"column":null}},"loc":{"start":{"line":38,"column":2},"end":{"line":44,"column":null}},"line":38},"4":{"name":"isPlainRecord","decl":{"start":{"line":46,"column":9},"end":{"line":46,"column":23}},"loc":{"start":{"line":46,"column":73},"end":{"line":50,"column":null}},"line":46}},"branchMap":{"0":{"loc":{"start":{"line":17,"column":2},"end":{"line":17,"column":null}},"type":"if","locations":[{"start":{"line":17,"column":2},"end":{"line":17,"column":null}},{"start":{},"end":{}}],"line":17},"1":{"loc":{"start":{"line":19,"column":2},"end":{"line":19,"column":null}},"type":"if","locations":[{"start":{"line":19,"column":2},"end":{"line":19,"column":null}},{"start":{},"end":{}}],"line":19},"2":{"loc":{"start":{"line":19,"column":6},"end":{"line":19,"column":47}},"type":"binary-expr","locations":[{"start":{"line":19,"column":6},"end":{"line":19,"column":27}},{"start":{"line":19,"column":27},"end":{"line":19,"column":47}}],"line":19},"3":{"loc":{"start":{"line":20,"column":2},"end":{"line":20,"column":null}},"type":"if","locations":[{"start":{"line":20,"column":2},"end":{"line":20,"column":null}},{"start":{},"end":{}}],"line":20},"4":{"loc":{"start":{"line":21,"column":2},"end":{"line":21,"column":null}},"type":"if","locations":[{"start":{"line":21,"column":2},"end":{"line":21,"column":null}},{"start":{},"end":{}}],"line":21},"5":{"loc":{"start":{"line":22,"column":2},"end":{"line":22,"column":null}},"type":"if","locations":[{"start":{"line":22,"column":2},"end":{"line":22,"column":null}},{"start":{},"end":{}}],"line":22},"6":{"loc":{"start":{"line":41,"column":4},"end":{"line":41,"column":null}},"type":"if","locations":[{"start":{"line":41,"column":4},"end":{"line":41,"column":null}},{"start":{},"end":{}}],"line":41},"7":{"loc":{"start":{"line":42,"column":4},"end":{"line":42,"column":null}},"type":"if","locations":[{"start":{"line":42,"column":4},"end":{"line":42,"column":null}},{"start":{},"end":{}}],"line":42},"8":{"loc":{"start":{"line":47,"column":2},"end":{"line":47,"column":null}},"type":"if","locations":[{"start":{"line":47,"column":2},"end":{"line":47,"column":null}},{"start":{},"end":{}}],"line":47},"9":{"loc":{"start":{"line":47,"column":6},"end":{"line":47,"column":51}},"type":"binary-expr","locations":[{"start":{"line":47,"column":6},"end":{"line":47,"column":35}},{"start":{"line":47,"column":35},"end":{"line":47,"column":51}}],"line":47},"10":{"loc":{"start":{"line":49,"column":9},"end":{"line":49,"column":null}},"type":"binary-expr","locations":[{"start":{"line":49,"column":9},"end":{"line":49,"column":43}},{"start":{"line":49,"column":43},"end":{"line":49,"column":null}}],"line":49}},"s":{"0":5,"1":5,"2":7893,"3":0,"4":7893,"5":7893,"6":7798,"7":95,"8":95,"9":0,"10":0,"11":0,"12":0,"13":0,"14":0,"15":20059,"16":20059,"17":49265,"18":41372,"19":7893,"20":0,"21":0,"22":0,"23":0,"24":0},"f":{"0":5,"1":7893,"2":0,"3":20059,"4":0},"b":{"0":[0,7893],"1":[7798,95],"2":[7893,95],"3":[95,0],"4":[0,0],"5":[0,0],"6":[41372,7893],"7":[0,7893],"8":[0,0],"9":[0,0],"10":[0,0]},"meta":{"lastBranch":11,"lastFunction":5,"lastStatement":25,"seen":{"s:5:53:14:Infinity":0,"f:5:55:5:Infinity":0,"s:6:2:13:Infinity":1,"f:16:16:16:28":1,"b:17:2:17:Infinity:undefined:undefined:undefined:undefined":0,"s:17:2:17:Infinity":2,"s:17:22:17:Infinity":3,"s:18:15:18:Infinity":4,"b:19:2:19:Infinity:undefined:undefined:undefined:undefined":1,"s:19:2:19:Infinity":5,"b:19:6:19:27:19:27:19:47":2,"s:19:47:19:Infinity":6,"b:20:2:20:Infinity:undefined:undefined:undefined:undefined":3,"s:20:2:20:Infinity":7,"s:20:25:20:Infinity":8,"b:21:2:21:Infinity:undefined:undefined:undefined:undefined":4,"s:21:2:21:Infinity":9,"s:21:28:21:Infinity":10,"b:22:2:22:Infinity:undefined:undefined:undefined:undefined":5,"s:22:2:22:Infinity":11,"s:22:29:22:Infinity":12,"s:23:2:23:Infinity":13,"f:26:16:26:34":2,"s:27:2:31:Infinity":14,"f:34:16:34:Infinity":3,"s:39:16:39:Infinity":15,"s:40:2:43:Infinity":16,"b:41:4:41:Infinity:undefined:undefined:undefined:undefined":6,"s:41:4:41:Infinity":17,"s:41:24:41:Infinity":18,"b:42:4:42:Infinity:undefined:undefined:undefined:undefined":7,"s:42:4:42:Infinity":19,"s:42:34:42:Infinity":20,"f:46:9:46:23":4,"b:47:2:47:Infinity:undefined:undefined:undefined:undefined":8,"s:47:2:47:Infinity":21,"b:47:6:47:35:47:35:47:51":9,"s:47:51:47:Infinity":22,"s:48:20:48:Infinity":23,"s:49:2:49:Infinity":24,"b:49:9:49:43:49:43:49:Infinity":10}}}
,"/Users/user/Desktop/@interactive-os/apg-patterns/src/kernelBuiltins.ts": {"path":"/Users/user/Desktop/@interactive-os/apg-patterns/src/kernelBuiltins.ts","statementMap":{"0":{"start":{"line":20,"column":0},"end":{"line":20,"column":null}},"1":{"start":{"line":20,"column":40},"end":{"line":20,"column":60}},"2":{"start":{"line":21,"column":0},"end":{"line":21,"column":null}},"3":{"start":{"line":21,"column":45},"end":{"line":21,"column":70}},"4":{"start":{"line":22,"column":0},"end":{"line":22,"column":null}},"5":{"start":{"line":22,"column":49},"end":{"line":22,"column":73}},"6":{"start":{"line":23,"column":0},"end":{"line":23,"column":null}},"7":{"start":{"line":23,"column":61},"end":{"line":23,"column":122}},"8":{"start":{"line":24,"column":0},"end":{"line":24,"column":null}},"9":{"start":{"line":24,"column":56},"end":{"line":24,"column":140}},"10":{"start":{"line":25,"column":0},"end":{"line":25,"column":null}},"11":{"start":{"line":25,"column":42},"end":{"line":25,"column":95}},"12":{"start":{"line":26,"column":0},"end":{"line":26,"column":null}},"13":{"start":{"line":26,"column":47},"end":{"line":26,"column":105}},"14":{"start":{"line":27,"column":0},"end":{"line":30,"column":null}},"15":{"start":{"line":28,"column":24},"end":{"line":28,"column":null}},"16":{"start":{"line":29,"column":2},"end":{"line":29,"column":null}},"17":{"start":{"line":31,"column":0},"end":{"line":34,"column":null}},"18":{"start":{"line":32,"column":19},"end":{"line":32,"column":null}},"19":{"start":{"line":33,"column":2},"end":{"line":33,"column":null}},"20":{"start":{"line":36,"column":0},"end":{"line":36,"column":null}},"21":{"start":{"line":36,"column":49},"end":{"line":36,"column":128}},"22":{"start":{"line":38,"column":0},"end":{"line":38,"column":null}},"23":{"start":{"line":38,"column":49},"end":{"line":38,"column":121}},"24":{"start":{"line":39,"column":0},"end":{"line":39,"column":null}},"25":{"start":{"line":39,"column":49},"end":{"line":39,"column":128}},"26":{"start":{"line":40,"column":0},"end":{"line":40,"column":null}},"27":{"start":{"line":40,"column":49},"end":{"line":40,"column":111}},"28":{"start":{"line":41,"column":0},"end":{"line":41,"column":null}},"29":{"start":{"line":41,"column":49},"end":{"line":41,"column":111}},"30":{"start":{"line":42,"column":0},"end":{"line":42,"column":null}},"31":{"start":{"line":42,"column":49},"end":{"line":42,"column":111}},"32":{"start":{"line":43,"column":0},"end":{"line":43,"column":null}},"33":{"start":{"line":43,"column":49},"end":{"line":43,"column":111}},"34":{"start":{"line":44,"column":0},"end":{"line":44,"column":null}},"35":{"start":{"line":44,"column":49},"end":{"line":44,"column":121}},"36":{"start":{"line":45,"column":0},"end":{"line":45,"column":null}},"37":{"start":{"line":45,"column":45},"end":{"line":45,"column":113}},"38":{"start":{"line":46,"column":0},"end":{"line":46,"column":null}},"39":{"start":{"line":46,"column":46},"end":{"line":46,"column":115}},"40":{"start":{"line":47,"column":0},"end":{"line":47,"column":null}},"41":{"start":{"line":47,"column":47},"end":{"line":47,"column":107}},"42":{"start":{"line":48,"column":0},"end":{"line":48,"column":null}},"43":{"start":{"line":48,"column":50},"end":{"line":48,"column":113}},"44":{"start":{"line":49,"column":0},"end":{"line":49,"column":null}},"45":{"start":{"line":49,"column":49},"end":{"line":49,"column":111}},"46":{"start":{"line":50,"column":0},"end":{"line":50,"column":null}},"47":{"start":{"line":50,"column":50},"end":{"line":50,"column":113}},"48":{"start":{"line":51,"column":0},"end":{"line":51,"column":null}},"49":{"start":{"line":51,"column":53},"end":{"line":51,"column":119}},"50":{"start":{"line":52,"column":0},"end":{"line":52,"column":null}},"51":{"start":{"line":52,"column":46},"end":{"line":52,"column":105}},"52":{"start":{"line":53,"column":0},"end":{"line":53,"column":null}},"53":{"start":{"line":53,"column":47},"end":{"line":53,"column":107}},"54":{"start":{"line":54,"column":0},"end":{"line":54,"column":null}},"55":{"start":{"line":54,"column":56},"end":{"line":54,"column":126}},"56":{"start":{"line":55,"column":0},"end":{"line":55,"column":null}},"57":{"start":{"line":55,"column":56},"end":{"line":55,"column":126}},"58":{"start":{"line":56,"column":0},"end":{"line":56,"column":null}},"59":{"start":{"line":56,"column":56},"end":{"line":56,"column":126}},"60":{"start":{"line":57,"column":0},"end":{"line":57,"column":null}},"61":{"start":{"line":57,"column":57},"end":{"line":57,"column":128}},"62":{"start":{"line":60,"column":0},"end":{"line":60,"column":null}},"63":{"start":{"line":60,"column":50},"end":{"line":60,"column":94}},"64":{"start":{"line":61,"column":0},"end":{"line":61,"column":null}},"65":{"start":{"line":61,"column":54},"end":{"line":61,"column":129}},"66":{"start":{"line":62,"column":0},"end":{"line":62,"column":null}},"67":{"start":{"line":62,"column":54},"end":{"line":62,"column":129}},"68":{"start":{"line":63,"column":0},"end":{"line":63,"column":null}},"69":{"start":{"line":63,"column":54},"end":{"line":63,"column":129}},"70":{"start":{"line":64,"column":0},"end":{"line":64,"column":null}},"71":{"start":{"line":64,"column":54},"end":{"line":64,"column":116}},"72":{"start":{"line":65,"column":0},"end":{"line":65,"column":null}},"73":{"start":{"line":65,"column":54},"end":{"line":65,"column":116}},"74":{"start":{"line":66,"column":0},"end":{"line":66,"column":null}},"75":{"start":{"line":66,"column":54},"end":{"line":66,"column":116}},"76":{"start":{"line":67,"column":0},"end":{"line":67,"column":null}},"77":{"start":{"line":67,"column":52},"end":{"line":67,"column":112}},"78":{"start":{"line":70,"column":0},"end":{"line":70,"column":null}},"79":{"start":{"line":70,"column":45},"end":{"line":70,"column":67}},"80":{"start":{"line":71,"column":0},"end":{"line":74,"column":null}},"81":{"start":{"line":72,"column":2},"end":{"line":72,"column":null}},"82":{"start":{"line":72,"column":33},"end":{"line":72,"column":null}},"83":{"start":{"line":73,"column":2},"end":{"line":73,"column":null}},"84":{"start":{"line":75,"column":0},"end":{"line":79,"column":null}},"85":{"start":{"line":76,"column":2},"end":{"line":76,"column":null}},"86":{"start":{"line":76,"column":32},"end":{"line":76,"column":null}},"87":{"start":{"line":77,"column":8},"end":{"line":77,"column":null}},"88":{"start":{"line":78,"column":2},"end":{"line":78,"column":null}},"89":{"start":{"line":80,"column":0},"end":{"line":84,"column":null}},"90":{"start":{"line":81,"column":2},"end":{"line":81,"column":null}},"91":{"start":{"line":81,"column":31},"end":{"line":81,"column":null}},"92":{"start":{"line":82,"column":8},"end":{"line":82,"column":null}},"93":{"start":{"line":83,"column":2},"end":{"line":83,"column":null}},"94":{"start":{"line":85,"column":0},"end":{"line":89,"column":null}},"95":{"start":{"line":86,"column":2},"end":{"line":86,"column":null}},"96":{"start":{"line":86,"column":31},"end":{"line":86,"column":null}},"97":{"start":{"line":87,"column":8},"end":{"line":87,"column":null}},"98":{"start":{"line":88,"column":2},"end":{"line":88,"column":null}},"99":{"start":{"line":92,"column":0},"end":{"line":92,"column":null}},"100":{"start":{"line":92,"column":41},"end":{"line":92,"column":71}},"101":{"start":{"line":95,"column":0},"end":{"line":98,"column":null}},"102":{"start":{"line":96,"column":17},"end":{"line":96,"column":null}},"103":{"start":{"line":97,"column":2},"end":{"line":97,"column":null}}},"fnMap":{"0":{"name":"(anonymous_0)","decl":{"start":{"line":20,"column":17},"end":{"line":20,"column":32}},"loc":{"start":{"line":20,"column":40},"end":{"line":20,"column":60}},"line":20},"1":{"name":"(anonymous_1)","decl":{"start":{"line":21,"column":17},"end":{"line":21,"column":37}},"loc":{"start":{"line":21,"column":45},"end":{"line":21,"column":70}},"line":21},"2":{"name":"(anonymous_2)","decl":{"start":{"line":22,"column":17},"end":{"line":22,"column":41}},"loc":{"start":{"line":22,"column":49},"end":{"line":22,"column":73}},"line":22},"3":{"name":"(anonymous_3)","decl":{"start":{"line":23,"column":17},"end":{"line":23,"column":52}},"loc":{"start":{"line":23,"column":61},"end":{"line":23,"column":122}},"line":23},"4":{"name":"(anonymous_4)","decl":{"start":{"line":24,"column":17},"end":{"line":24,"column":47}},"loc":{"start":{"line":24,"column":56},"end":{"line":24,"column":140}},"line":24},"5":{"name":"(anonymous_5)","decl":{"start":{"line":25,"column":17},"end":{"line":25,"column":33}},"loc":{"start":{"line":25,"column":42},"end":{"line":25,"column":95}},"line":25},"6":{"name":"(anonymous_6)","decl":{"start":{"line":26,"column":17},"end":{"line":26,"column":38}},"loc":{"start":{"line":26,"column":47},"end":{"line":26,"column":105}},"line":26},"7":{"name":"(anonymous_7)","decl":{"start":{"line":27,"column":17},"end":{"line":27,"column":45}},"loc":{"start":{"line":27,"column":53},"end":{"line":30,"column":1}},"line":27},"8":{"name":"(anonymous_8)","decl":{"start":{"line":31,"column":17},"end":{"line":31,"column":42}},"loc":{"start":{"line":31,"column":50},"end":{"line":34,"column":1}},"line":31},"9":{"name":"(anonymous_9)","decl":{"start":{"line":36,"column":17},"end":{"line":36,"column":40}},"loc":{"start":{"line":36,"column":49},"end":{"line":36,"column":128}},"line":36},"10":{"name":"(anonymous_10)","decl":{"start":{"line":38,"column":17},"end":{"line":38,"column":40}},"loc":{"start":{"line":38,"column":49},"end":{"line":38,"column":121}},"line":38},"11":{"name":"(anonymous_11)","decl":{"start":{"line":39,"column":17},"end":{"line":39,"column":40}},"loc":{"start":{"line":39,"column":49},"end":{"line":39,"column":128}},"line":39},"12":{"name":"(anonymous_12)","decl":{"start":{"line":40,"column":17},"end":{"line":40,"column":40}},"loc":{"start":{"line":40,"column":49},"end":{"line":40,"column":111}},"line":40},"13":{"name":"(anonymous_13)","decl":{"start":{"line":41,"column":17},"end":{"line":41,"column":40}},"loc":{"start":{"line":41,"column":49},"end":{"line":41,"column":111}},"line":41},"14":{"name":"(anonymous_14)","decl":{"start":{"line":42,"column":17},"end":{"line":42,"column":40}},"loc":{"start":{"line":42,"column":49},"end":{"line":42,"column":111}},"line":42},"15":{"name":"(anonymous_15)","decl":{"start":{"line":43,"column":17},"end":{"line":43,"column":40}},"loc":{"start":{"line":43,"column":49},"end":{"line":43,"column":111}},"line":43},"16":{"name":"(anonymous_16)","decl":{"start":{"line":44,"column":17},"end":{"line":44,"column":40}},"loc":{"start":{"line":44,"column":49},"end":{"line":44,"column":121}},"line":44},"17":{"name":"(anonymous_17)","decl":{"start":{"line":45,"column":17},"end":{"line":45,"column":36}},"loc":{"start":{"line":45,"column":45},"end":{"line":45,"column":113}},"line":45},"18":{"name":"(anonymous_18)","decl":{"start":{"line":46,"column":17},"end":{"line":46,"column":37}},"loc":{"start":{"line":46,"column":46},"end":{"line":46,"column":115}},"line":46},"19":{"name":"(anonymous_19)","decl":{"start":{"line":47,"column":17},"end":{"line":47,"column":38}},"loc":{"start":{"line":47,"column":47},"end":{"line":47,"column":107}},"line":47},"20":{"name":"(anonymous_20)","decl":{"start":{"line":48,"column":17},"end":{"line":48,"column":41}},"loc":{"start":{"line":48,"column":50},"end":{"line":48,"column":113}},"line":48},"21":{"name":"(anonymous_21)","decl":{"start":{"line":49,"column":17},"end":{"line":49,"column":40}},"loc":{"start":{"line":49,"column":49},"end":{"line":49,"column":111}},"line":49},"22":{"name":"(anonymous_22)","decl":{"start":{"line":50,"column":17},"end":{"line":50,"column":41}},"loc":{"start":{"line":50,"column":50},"end":{"line":50,"column":113}},"line":50},"23":{"name":"(anonymous_23)","decl":{"start":{"line":51,"column":17},"end":{"line":51,"column":44}},"loc":{"start":{"line":51,"column":53},"end":{"line":51,"column":119}},"line":51},"24":{"name":"(anonymous_24)","decl":{"start":{"line":52,"column":17},"end":{"line":52,"column":37}},"loc":{"start":{"line":52,"column":46},"end":{"line":52,"column":105}},"line":52},"25":{"name":"(anonymous_25)","decl":{"start":{"line":53,"column":17},"end":{"line":53,"column":38}},"loc":{"start":{"line":53,"column":47},"end":{"line":53,"column":107}},"line":53},"26":{"name":"(anonymous_26)","decl":{"start":{"line":54,"column":17},"end":{"line":54,"column":47}},"loc":{"start":{"line":54,"column":56},"end":{"line":54,"column":126}},"line":54},"27":{"name":"(anonymous_27)","decl":{"start":{"line":55,"column":17},"end"
[...]
end":{"line":4,"column":38}},"loc":{"start":{"line":4,"column":54},"end":{"line":7,"column":1}},"line":4},"1":{"name":"(anonymous_1)","decl":{"start":{"line":9,"column":23},"end":{"line":9,"column":37}},"loc":{"start":{"line":9,"column":53},"end":{"line":12,"column":1}},"line":9},"2":{"name":"(anonymous_2)","decl":{"start":{"line":14,"column":19},"end":{"line":14,"column":45}},"loc":{"start":{"line":14,"column":58},"end":{"line":21,"column":1}},"line":14},"3":{"name":"(anonymous_3)","decl":{"start":{"line":18,"column":4},"end":{"line":18,"column":15}},"loc":{"start":{"line":18,"column":23},"end":{"line":18,"column":null}},"line":18},"4":{"name":"(anonymous_4)","decl":{"start":{"line":19,"column":4},"end":{"line":19,"column":17}},"loc":{"start":{"line":19,"column":25},"end":{"line":19,"column":null}},"line":19}},"branchMap":{"0":{"loc":{"start":{"line":5,"column":30},"end":{"line":5,"column":58}},"type":"binary-expr","locations":[{"start":{"line":5,"column":30},"end":{"line":5,"column":44}},{"start":{"line":5,"column":44},"end":{"line":5,"column":58}}],"line":5},"1":{"loc":{"start":{"line":6,"column":9},"end":{"line":6,"column":null}},"type":"binary-expr","locations":[{"start":{"line":6,"column":9},"end":{"line":6,"column":58}},{"start":{"line":6,"column":58},"end":{"line":6,"column":null}}],"line":6},"2":{"loc":{"start":{"line":10,"column":30},"end":{"line":10,"column":58}},"type":"binary-expr","locations":[{"start":{"line":10,"column":30},"end":{"line":10,"column":44}},{"start":{"line":10,"column":44},"end":{"line":10,"column":58}}],"line":10},"3":{"loc":{"start":{"line":11,"column":9},"end":{"line":11,"column":null}},"type":"binary-expr","locations":[{"start":{"line":11,"column":9},"end":{"line":11,"column":37}},{"start":{"line":11,"column":37},"end":{"line":11,"column":59}},{"start":{"line":11,"column":59},"end":{"line":11,"column":null}}],"line":11},"4":{"loc":{"start":{"line":15,"column":27},"end":{"line":15,"column":57}},"type":"binary-expr","locations":[{"start":{"line":15,"column":27},"end":{"line":15,"column":55}},{"start":{"line":15,"column":55},"end":{"line":15,"column":57}}],"line":15},"5":{"loc":{"start":{"line":17,"column":11},"end":{"line":17,"column":null}},"type":"binary-expr","locations":[{"start":{"line":17,"column":11},"end":{"line":17,"column":39}},{"start":{"line":17,"column":39},"end":{"line":17,"column":null}}],"line":17},"6":{"loc":{"start":{"line":18,"column":23},"end":{"line":18,"column":null}},"type":"binary-expr","locations":[{"start":{"line":18,"column":23},"end":{"line":18,"column":63}},{"start":{"line":18,"column":63},"end":{"line":18,"column":null}}],"line":18}},"s":{"0":5,"1":0,"2":0,"3":5,"4":0,"5":0,"6":5,"7":1107,"8":1107,"9":1065,"10":5346},"f":{"0":0,"1":0,"2":1107,"3":1065,"4":5346},"b":{"0":[0,0],"1":[0,0],"2":[0,0],"3":[0,0,0],"4":[1107,0],"5":[1107,0],"6":[1065,0]},"meta":{"lastBranch":7,"lastFunction":5,"lastStatement":11,"seen":{"s:4:0:7:Infinity":0,"f:4:23:4:38":0,"s:5:8:5:Infinity":1,"b:5:30:5:44:5:44:5:58":0,"s:6:2:6:Infinity":2,"b:6:9:6:58:6:58:6:Infinity":1,"s:9:0:12:Infinity":3,"f:9:23:9:37":1,"s:10:8:10:Infinity":4,"b:10:30:10:44:10:44:10:58":2,"s:11:2:11:Infinity":5,"b:11:9:11:37:11:37:11:59:11:59:11:Infinity":3,"s:14:0:21:Infinity":6,"f:14:19:14:45":2,"s:15:19:15:Infinity":7,"b:15:27:15:55:15:55:15:57":4,"s:16:2:20:Infinity":8,"b:17:11:17:39:17:39:17:Infinity":5,"f:18:4:18:15":3,"s:18:23:18:Infinity":9,"b:18:23:18:63:18:63:18:Infinity":6,"f:19:4:19:17":4,"s:19:25:19:Infinity":10}}}
,"/Users/user/Desktop/@interactive-os/apg-patterns/src/patterns/treeview/runtime.ts": {"path":"/Users/user/Desktop/@interactive-os/apg-patterns/src/patterns/treeview/runtime.ts","statementMap":{"0":{"start":{"line":58,"column":23},"end":{"line":66,"column":null}},"1":{"start":{"line":69,"column":15},"end":{"line":69,"column":null}},"2":{"start":{"line":70,"column":18},"end":{"line":70,"column":null}},"3":{"start":{"line":71,"column":8},"end":{"line":71,"column":null}},"4":{"start":{"line":71,"column":40},"end":{"line":71,"column":null}},"5":{"start":{"line":72,"column":8},"end":{"line":72,"column":null}},"6":{"start":{"line":72,"column":39},"end":{"line":72,"column":null}},"7":{"start":{"line":73,"column":20},"end":{"line":73,"column":null}},"8":{"start":{"line":74,"column":8},"end":{"line":80,"column":null}},"9":{"start":{"line":82,"column":8},"end":{"line":99,"column":null}},"10":{"start":{"line":83,"column":18},"end":{"line":83,"column":null}},"11":{"start":{"line":84,"column":4},"end":{"line":98,"column":null}},"12":{"start":{"line":87,"column":23},"end":{"line":87,"column":null}},"13":{"start":{"line":88,"column":8},"end":{"line":88,"column":null}},"14":{"start":{"line":88,"column":21},"end":{"line":88,"column":null}},"15":{"start":{"line":89,"column":31},"end":{"line":89,"column":null}},"16":{"start":{"line":90,"column":32},"end":{"line":90,"column":null}},"17":{"start":{"line":91,"column":8},"end":{"line":95,"column":null}},"18":{"start":{"line":92,"column":10},"end":{"line":92,"column":null}},"19":{"start":{"line":93,"column":10},"end":{"line":93,"column":null}},"20":{"start":{"line":94,"column":10},"end":{"line":94,"column":null}},"21":{"start":{"line":96,"column":8},"end":{"line":96,"column":null}},"22":{"start":{"line":101,"column":8},"end":{"line":103,"column":null}},"23":{"start":{"line":102,"column":4},"end":{"line":102,"column":null}},"24":{"start":{"line":105,"column":8},"end":{"line":108,"column":null}},"25":{"start":{"line":106,"column":47},"end":{"line":106,"column":null}},"26":{"start":{"line":107,"column":4},"end":{"line":107,"column":null}},"27":{"start":{"line":110,"column":2},"end":{"line":128,"column":null}},"28":{"start":{"line":115,"column":6},"end":{"line":119,"column":null}},"29":{"start":{"line":115,"column":48},"end":{"line":119,"column":8}},"30":{"start":{"line":122,"column":6},"end":{"line":122,"column":null}},"31":{"start":{"line":132,"column":2},"end":{"line":132,"column":null}},"32":{"start":{"line":136,"column":8},"end":{"line":141,"column":null}},"33":{"start":{"line":140,"column":19},"end":{"line":140,"column":null}},"34":{"start":{"line":142,"column":16},"end":{"line":142,"column":null}},"35":{"start":{"line":143,"column":35},"end":{"line":143,"column":null}},"36":{"start":{"line":144,"column":2},"end":{"line":144,"column":null}},"37":{"start":{"line":145,"column":2},"end":{"line":145,"column":null}},"38":{"start":{"line":146,"column":2},"end":{"line":146,"column":null}},"39":{"start":{"line":147,"column":2},"end":{"line":147,"column":null}},"40":{"start":{"line":148,"column":2},"end":{"line":148,"column":null}},"41":{"start":{"line":148,"column":35},"end":{"line":148,"column":null}},"42":{"start":{"line":149,"column":2},"end":{"line":149,"column":null}},"43":{"start":{"line":164,"column":2},"end":{"line":175,"column":null}},"44":{"start":{"line":165,"column":4},"end":{"line":165,"column":null}},"45":{"start":{"line":165,"column":51},"end":{"line":165,"column":null}},"46":{"start":{"line":166,"column":4},"end":{"line":173,"column":null}},"47":{"start":{"line":167,"column":6},"end":{"line":172,"column":null}},"48":{"start":{"line":168,"column":8},"end":{"line":171,"column":null}},"49":{"start":{"line":170,"column":39},"end":{"line":170,"column":99}},"50":{"start":{"line":174,"column":4},"end":{"line":174,"column":null}},"51":{"start":{"line":177,"column":2},"end":{"line":177,"column":null}},"52":{"start":{"line":189,"column":17},"end":{"line":189,"column":null}},"53":{"start":{"line":190,"column":2},"end":{"line":190,"column":null}},"54":{"start":{"line":190,"column":15},"end":{"line":190,"column":null}},"55":{"start":{"line":191,"column":2},"end":{"line":196,"column":null}},"56":{"start":{"line":200,"column":2},"end":{"line":200,"column":null}},"57":{"start":{"line":200,"column":42},"end":{"line":200,"column":null}},"58":{"start":{"line":201,"column":2},"end":{"line":201,"column":null}},"59":{"start":{"line":201,"column":14},"end":{"line":201,"column":null}},"60":{"start":{"line":203,"column":2},"end":{"line":209,"column":null}},"61":{"start":{"line":204,"column":39},"end":{"line":207,"column":6}}},"fnMap":{"0":{"name":"createTreeviewRuntime","decl":{"start":{"line":68,"column":16},"end":{"line":68,"column":38}},"loc":{"start":{"line":68,"column":90},"end":{"line":129,"column":null}},"line":68},"1":{"name":"(anonymous_1)","decl":{"start":{"line":71,"column":8},"end":{"line":71,"column":16}},"loc":{"start":{"line":71,"column":40},"end":{"line":71,"column":null}},"line":71},"2":{"name":"(anonymous_2)","decl":{"start":{"line":72,"column":8},"end":{"line":72,"column":26}},"loc":{"start":{"line":72,"column":39},"end":{"line":72,"column":null}},"line":72},"3":{"name":"(anonymous_3)","decl":{"start":{"line":82,"column":8},"end":{"line":82,"column":48}},"loc":{"start":{"line":82,"column":48},"end":{"line":99,"column":null}},"line":82},"4":{"name":"(anonymous_4)","decl":{"start":{"line":86,"column":6},"end":{"line":86,"column":18}},"loc":{"start":{"line":86,"column":72},"end":{"line":97,"column":null}},"line":86},"5":{"name":"(anonymous_5)","decl":{"start":{"line":101,"column":8},"end":{"line":101,"column":28}},"loc":{"start":{"line":101,"column":60},"end":{"line":103,"column":null}},"line":101},"6":{"name":"(anonymous_6)","decl":{"start":{"line":105,"column":8},"end":{"line":105,"column":29}},"loc":{"start":{"line":105,"column":61},"end":{"line":108,"column":null}},"line":105},"7":{"name":"(anonymous_7)","decl":{"start":{"line":114,"column":8},"end":{"line":114,"column":16}},"loc":{"start":{"line":114,"column":16},"end":{"line":120,"column":null}},"line":114},"8":{"name":"(anonymous_8)","decl":{"start":{"line":115,"column":34},"end":{"line":115,"column":39}},"loc":{"start":{"line":115,"column":48},"end":{"line":119,"column":8}},"line":115},"9":{"name":"(anonymous_9)","decl":{"start":{"line":121,"column":8},"end":{"line":121,"column":20}},"loc":{"start":{"line":121,"column":20},"end":{"line":123,"column":null}},"line":121},"10":{"name":"getVisibleKeys","decl":{"start":{"line":131,"column":9},"end":{"line":131,"column":24}},"loc":{"start":{"line":131,"column":59},"end":{"line":133,"column":null}},"line":131},"11":{"name":"getTreeItemState","decl":{"start":{"line":135,"column":16},"end":{"line":135,"column":33}},"loc":{"start":{"line":135,"column":83},"end":{"line":150,"column":null}},"line":135},"12":{"name":"(anonymous_12)","decl":{"start":{"line":140,"column":4},"end":{"line":140,"column":19}},"loc":{"start":{"line":140,"column":19},"end":{"line":140,"column":null}},"line":140},"13":{"name":"resolveTreeKeyboardBinding","decl":{"start":{"line":157,"column":16},"end":{"line":157,"column":null}},"loc":{"start":{"line":163,"column":34},"end":{"line":178,"column":null}},"line":163},"14":{"name":"(anonymous_14)","decl":{"start":{"line":170,"column":30},"end":{"line":170,"column":39}},"loc":{"start":{"line":170,"column":39},"end":{"line":170,"column":99}},"line":170},"15":{"name":"resolveTreeviewNavigationTarget","decl":{"start":{"line":183,"column":16},"end":{"line":183,"column":null}},"loc":{"start":{"line":188,"column":14},"end":{"line":197,"column":null}},"line":188},"16":{"name":"resolveTypeaheadTarget","decl":{"start":{"line":199,"column":16},"end":{"line":199,"column":39}},"loc":{"start":{"line":199,"column":134},"end":{"line":210,"column":null}},"line":199},"17":{"name":"(anonymous_17)","decl":{"start":{"line":204,"column":25},"end":{"line":204,"column":30}},"loc":{"start":{"line":204,"column":39},"end":{"line":207,"column":6}},"line":204}},"branchMap":{"0":{"loc":{"start":{"line":70,"column":69},"end":{"line":70,"column":88}},"type":"binary-expr","locations":[{"start":{"line":70,"column":69},"end":{"line":70,"column":86}},{"start":{"line":70,"column":86},"end":{"line":70,"column":88}}],"line":70},"1":{"loc":{"start":{"line":72,"column":42},"end":{"line":72,"column":102}},"type":"binary-expr","locations":[{"start":{"line":72,"column":42},"end":{"line":72,"column":69}},{"start":{"line":72,"column":69},"end":{"line":72,"column":102}}],"line":72},"2":{"loc":{"start":{"line":73,"column":20},"end":{"line":73,"column":null}},"type":"binary-expr","locations":[{"start":{"line":73,"column":20},"end":{"line":73,"column":45}},{"start":{"line":73,"column":26},"end":{"line":73,"column":null}}],"line":73},"3":{"loc":{"start":{"line":87,"column":23},"end":{"line":87,"column":null}},"type":"binary-expr","locations":[{"start":{"line":87,"column":23},"end":{"line":87,"column":48}},{"start":{"line":87,"column":48},"end":{"line":87,"column":null}}],"line":87},"4":{"loc":{"start":{"line":88,"column":8},"end":{"line":88,"column":null}},"type":"if","locations":[{"start":{"line":88,"column":8},"end":{"line":88,"column":null}},{"start":{},"end":{}}],"line":88},"5":{"loc":{"start":{"line":89,"column":31},"end":{"line":89,"column":null}},"type":"cond-expr","locations":[{"start":{"line":89,"column":68},"end":{"line":89,"column":75}},{"start":{"line":89,"column":75},"end":{"line":89,"column":null}}],"line":89},"6":{"loc":{"start":{"line":91,"column":8},"end":{"line":95,"column":null}},"type":"if","locations":[{"start":{"line":91,"column":8},"end":{"line":95,"column":null}},{"start":{},"end":{}}],"line":91},"7":{"loc":{"start":{"line":148,"column":2},"end":{"line":148,"column":null}},"type":"if","locations":[{"start":{"line":148,"column":2},"end":{"line":148,"column":null}},{"start":{},"end":{}}],"line":148},"8":{"loc":{"start":{"line":161,"column":2},"end":{"line":161,"column":null}},"type":"default-arg","locations":[{"start":{"line":161,"column":28},"end":{"line":161,"column":null}}],"line":161},"9":{"loc":{"start":{"line":162,"column":2},"end":{"line":162,"column":null}},"type":"default-arg","locations":[{"start":{"line":162,"column":41},"end":{"line":162,"column":null}}],"line":162},"10":{"loc":{"start":{"line":165,"column":4},"end":{"line":165,"column":null}},"type":"if","locations":[{"start":{"line":165,"column":4},"end":{"line":165,"column":null}},{"start":{},"end":{}}],"line":165},"11":{"loc":{"start":{"line":167,"column":6},"end":{"line":172,"column":null}},"type":"if","locations":[{"start":{"line":167,"column":6},"end":{"line":172,"column":null}},{"start":{},"end":{}}],"line":167},"12":{"loc":{"start":{"line":167,"column":10},"end":{"line":167,"column":125}},"type":"binary-expr","locations":[{"start":{"line":167,"column":10},"end":{"line":167,"column":39}},{"start":{"line":167,"column":39},"end":{"line":167,"column":65}},{"start":{"line":167,"column":53},"end":{"line":167,"column":125}}],"line":167},"13":{"loc":{"start":{"line":169,"column":26},"end":{"line":169,"column":null}},"type":"binary-expr","locations":[{"start":{"line":169,"column":26},"end":{"line":169,"column":52}},{"start":{"line":169,"column":52},"end":{"line":169,"column":null}}],"line":169},"14":{"loc":{"start":{"line":187,"column":2},"end":{"line":187,"column":null}},"type":"default-arg","locations":[{"start":{"line":187,"column":2},"end":{"line":187,"column":null}}],"line":187},"15":{"loc":{"start":{"line":190,"column":2},"end":{"line":190,"column":null}},"type":"if","locations":[{"start":{"line":190,"column":2},"end":{"line":190,"column":null}},{"start":{},"end":{}}],"line":190},"16":{"loc":{"start":{"line":199,"column":80},"end":{"line":199,"column":134}},"type":"default-arg","locations":[{"start":{"line":199,"column":106},"end":{"line":199,"column":134}}],"line":199},"17":{"loc":{"start":{"line":200,"column":2},"end":{"line":200,"column":null}},"type":"if","locations":[{"start":{"line":200,"column":2},"end":{"line":200,"column":null}},{"start":{},"end":{}}],"line":200},"18":{"loc":{"start":{"line":201,"column":2},"end":{"line":201,"column":null}},"type":"if","locations":[{"start":{"line":201,"column":2},"end":{"line":201,"column":null}},{"start":{},"end":{}}],"line":201},"19":{"loc":{"start":{"line":206,"column":13},"end":{"line":206,"column":null}},"type":"binary-expr","locations":[{"start":{"line":206,"column":13},"end":{"line":206,"column":54}},{"start":{"line":206,"column":54},"end":{"line":206,"column":84}},{"start":{"line":206,"column":84},"end":{"line":206,"column":110}},{"start":{"line":206,"column":110},"end":{"line":206,"column":null}}],"line":206}},"s":{"0":5,"1":89,"2":89,"3":89,"4":73,"5":89,"6":1676,"7":89,"8":89,"9":89,"10":178,"11":178,"12":29,"13":29,"14":0,"15":29,"16":29,"17":29,"18":3,"19":3,"20":3,"21":26,"22":89,"23":836,"24":89,"25":836,"26":836,"27":89,"28":178,"29":836,"30":89,"31":182,"32":836,"33":0,"34":836,"35":836,"36":836,"37":836,"38":836,"39":836,"40":836,"41":0,"42":836,"43":0,"44":0,"45":0,"46":0,"47":0,"48":0,"49":0,"50":0,"51":0,"52":0,"53":0,"54":0,"55":0,"56":29,"57":1,"58":28,"59":24,"60":4,"61":20},"f":{"0":89,"1":73,"2":1676,"3":178,"4":29,"5":836,"6":836,"7":178,"8":836,"9":89,"10":182,"11":836,"12":0,"13":0,"14":0,"15":0,"16":29,"17":20},"b":{"0":[89,2],"1":[1676,0],"2":[89,0],"3":[29,0],"4":[0,29],"5":[1,28],"6":[3,26],"7":[0,836],"8":[0],"9":[0],"10":[0,0],"11":[0,0],"12":[0,0,0],"13":[0,0],"14":[0],"15":[0,0],"16":[29],"17":[1,28],"18":[24,4],"19":[20,0,0,0]},"meta":{"lastBranch":20,"lastFunction":18,"lastStatement":62,"seen":{"s:58:23:66:Infinity":0,"f:68:16:68:38":0,"s:69:15:69:Infinity":1,"s:70:18:70:Infinity":2,"b:70:69:70:86:70:86:70:88":0,"s:71:8:71:Infinity":3,"f:71:8:71:16":1,"s:71:40:71:Infinity":4,"s:72:8:72:Infinity":5,"f:72:8:72:26":2,"s:72:39:72:Infinity":6,"b:72:42:72:69:72:69:72:102":1,"s:73:20:73:Infinity":7,"b:73:20:73:45:73:26:73:Infinity":2,"s:74:8:80:Infinity":8,"s:82:8:99:Infinity":9,"f:82:8:82:48":3,"s:83:18:83:Infinity":10,"s:84:4:98:Infinity":11,"f:86:6:86:18":4,"s:87:23:87:Infinity":12,"b:87:23:87:48:87:48:87:Infinity":3,"b:88:8:88:Infinity:undefined:undefined:undefined:undefined":4,"s:88:8:88:Infinity":13,"s:88:21:88:Infinity":14,"s:89:31:89:Infinity":15,"b:89:68:89:75:89:75:89:Infinity":5,"s:90:32:90:Infinity":16,"b:91:8:95:Infinity:undefined:undefined:undefined:undefined":6,"s:91:8:95:Infinity":17,"s:92:10:92:Infinity":18,"s:93:10:93:Infinity":19,"s:94:10:94:Infinity":20,"s:96:8:96:Infinity":21,"s:101:8:103:Infinity":22,"f:101:8:101:28":5,"s:102:4:102:Infinity":23,"s:105:8:108:Infinity":24,"f:105:8:105:29":6,"s:106:47:106:Infinity":25,"s:107:4:107:Infinity":26,"s:110:2:128:Infinity":27,"f:114:8:114:16":7,"s:115:6:119:Infinity":28,"f:115:34:115:39":8,"s:115:48:119:8":29,"f:121:8:121:20":9,"s:122:6:122:Infinity":30,"f:131:9:131:24":10,"s:132:2:132:Infinity":31,"f:135:16:135:33":11,"s:136:8:141:Infinity":32,"f:140:4:140:19":12,"s:140:19:140:Infinity":33,"s:142:16:142:Infinity":34,"s:143:35:143:Infinity":35,"s:144:2:144:Infinity":36,"s:145:2:145:Infinity":37,"s:146:2:146:Infinity":38,"s:147:2:147:Infinity":39,"b:148:2:148:Infinity:undefined:undefined:undefined:undefined":7,"s:148:2:148:Infinity":40,"s:148:35:148:Infinity":41,"s:149:2:149:Infinity":42,"f:157:16:157:Infinity":13,"b:161:28:161:Infinity":8,"b:162:41:162:Infinity":9,"s:164:2:175:Infinity":43,"b:165:4:165:Infinity:undefined:undefined:undefined:undefined":10,"s:165:4:165:Infinity":44,"s:165:51:165:Infinity":45,"s:166:4:173:Infinity":46,"b:167:6:172:Infinity:undefined:undefined:undefined:undefined":11,"s:167:6:172:Infinity":47,"b:167:10:167:39:167:39:167:65:167:53:167:125":12,"s:168:8:171:Infinity":48,"b:169:26:169:52:169:52:169:Infinity":13,"f:170:30:170:39":14,"s:170:39:170:99":49,"s:174:4:174:Infinity":50,"s:177:2:177:Infinity":51,"f:183:16:183:Infinity":15,"b:187:2:187:Infinity":14,"s:189:17:189:Infinity":52,"b:190:2:190:Infinity:undefined:undefined:undefined:undefined":15,"s:190:2:190:Infinity":53,"s:190:15:190:Infinity":54,"s:191:2:196:Infinity":55,"f:199:16:199:39":16,"b:199:106:199:134":16,"b:200:2:200:Infinity:undefined:undefined:undefined:undefined":17,"s:200:2:200:Infinity":56,"s:200:42:200:Infinity":57,"b:201:2:201:Infinity:undefined:undefined:undefined:undefined":18,"s:201:2:201:Infinity":58,"s:201:14:201:Infinity":59,"s:203:2:209:Infinity":60,"f:204:25:204:30":17,"s:204:39:207:6":61,"b:206:13:206:54:206:54:206:84:206:84:206:110:206:110:206:Infinity":19}}}
}
